{"/home/travis/build/npmtest/node-npmtest-vorlon/test.js":{"path":"/home/travis/build/npmtest/node-npmtest-vorlon/test.js","s":{"1":2,"2":2,"3":2,"4":2,"5":2,"6":2,"7":2,"8":1,"9":2,"10":2,"11":1,"12":1,"13":1,"14":1,"15":2,"16":2,"17":2,"18":2,"19":1,"20":1,"21":2,"22":2,"23":2,"24":1,"25":1,"26":1,"27":1,"28":1,"29":1,"30":1,"31":1,"32":1,"33":1,"34":1,"35":1,"36":1,"37":1,"38":1,"39":2,"40":2,"41":1,"42":2,"43":2,"44":1,"45":2,"46":2,"47":1,"48":2,"49":2,"50":1,"51":1,"52":1,"53":1,"54":1},"b":{"1":[2,1,1,1],"2":[1,1,1,1],"3":[1,1],"4":[1,1],"5":[1,1],"6":[1,1],"7":[1,1],"8":[1,1],"9":[1,1],"10":[1,1,1],"11":[1,1],"12":[1,1],"13":[1,1],"14":[1,1],"15":[1,1],"16":[1,1],"17":[1,1]},"f":{"1":2,"2":2,"3":2,"4":2,"5":2,"6":1,"7":1,"8":1,"9":2,"10":2,"11":2,"12":2,"13":1},"fnMap":{"1":{"name":"(anonymous_1)","line":12,"loc":{"start":{"line":12,"column":1},"end":{"line":12,"column":13}}},"2":{"name":"(anonymous_2)","line":19,"loc":{"start":{"line":19,"column":5},"end":{"line":19,"column":17}}},"3":{"name":"(anonymous_3)","line":23,"loc":{"start":{"line":23,"column":24},"end":{"line":23,"column":36}}},"4":{"name":"(anonymous_4)","line":61,"loc":{"start":{"line":61,"column":5},"end":{"line":61,"column":17}}},"5":{"name":"(anonymous_5)","line":82,"loc":{"start":{"line":82,"column":5},"end":{"line":82,"column":17}}},"6":{"name":"(anonymous_6)","line":91,"loc":{"start":{"line":91,"column":77},"end":{"line":94,"column":10}}},"7":{"name":"(anonymous_7)","line":112,"loc":{"start":{"line":112,"column":83},"end":{"line":115,"column":10}},"skip":true},"8":{"name":"(anonymous_8)","line":123,"loc":{"start":{"line":123,"column":77},"end":{"line":126,"column":10}},"skip":true},"9":{"name":"(anonymous_9)","line":139,"loc":{"start":{"line":139,"column":12},"end":{"line":139,"column":40}},"skip":true},"10":{"name":"(anonymous_10)","line":147,"loc":{"start":{"line":147,"column":77},"end":{"line":150,"column":10}},"skip":true},"11":{"name":"(anonymous_11)","line":158,"loc":{"start":{"line":158,"column":83},"end":{"line":161,"column":10}},"skip":true},"12":{"name":"(anonymous_12)","line":169,"loc":{"start":{"line":169,"column":79},"end":{"line":172,"column":10}},"skip":true},"13":{"name":"(anonymous_13)","line":180,"loc":{"start":{"line":180,"column":75},"end":{"line":183,"column":10}},"skip":true}},"statementMap":{"1":{"start":{"line":12,"column":0},"end":{"line":195,"column":5}},"2":{"start":{"line":14,"column":4},"end":{"line":14,"column":14}},"3":{"start":{"line":19,"column":4},"end":{"line":56,"column":9}},"4":{"start":{"line":21,"column":8},"end":{"line":21,"column":19}},"5":{"start":{"line":23,"column":8},"end":{"line":35,"column":13}},"6":{"start":{"line":24,"column":12},"end":{"line":34,"column":13}},"7":{"start":{"line":25,"column":16},"end":{"line":28,"column":30}},"8":{"start":{"line":30,"column":16},"end":{"line":33,"column":27}},"9":{"start":{"line":37,"column":8},"end":{"line":39,"column":21}},"10":{"start":{"line":40,"column":8},"end":{"line":53,"column":9}},"11":{"start":{"line":43,"column":12},"end":{"line":46,"column":14}},"12":{"start":{"line":47,"column":12},"end":{"line":47,"column":18}},"13":{"start":{"line":50,"column":12},"end":{"line":51,"column":46}},"14":{"start":{"line":52,"column":12},"end":{"line":52,"column":18}},"15":{"start":{"line":55,"column":8},"end":{"line":55,"column":35}},"16":{"start":{"line":61,"column":4},"end":{"line":63,"column":9}},"17":{"start":{"line":62,"column":8},"end":{"line":62,"column":15}},"18":{"start":{"line":64,"column":4},"end":{"line":77,"column":5}},"19":{"start":{"line":70,"column":8},"end":{"line":70,"column":14}},"20":{"start":{"line":76,"column":8},"end":{"line":76,"column":14}},"21":{"start":{"line":82,"column":4},"end":{"line":84,"column":9}},"22":{"start":{"line":83,"column":8},"end":{"line":83,"column":15}},"23":{"start":{"line":85,"column":4},"end":{"line":194,"column":5}},"24":{"start":{"line":91,"column":8},"end":{"line":99,"column":10}},"25":{"start":{"line":98,"column":12},"end":{"line":98,"column":35}},"26":{"start":{"line":102,"column":8},"end":{"line":104,"column":63}},"27":{"start":{"line":105,"column":8},"end":{"line":105,"column":14}},"28":{"start":{"line":112,"column":8},"end":{"line":121,"column":10},"skip":true},"29":{"start":{"line":119,"column":12},"end":{"line":119,"column":55},"skip":true},"30":{"start":{"line":120,"column":12},"end":{"line":120,"column":48},"skip":true},"31":{"start":{"line":123,"column":8},"end":{"line":136,"column":10},"skip":true},"32":{"start":{"line":130,"column":12},"end":{"line":130,"column":76},"skip":true},"33":{"start":{"line":131,"column":12},"end":{"line":131,"column":73},"skip":true},"34":{"start":{"line":132,"column":12},"end":{"line":132,"column":74},"skip":true},"35":{"start":{"line":133,"column":12},"end":{"line":133,"column":79},"skip":true},"36":{"start":{"line":134,"column":12},"end":{"line":134,"column":25},"skip":true},"37":{"start":{"line":135,"column":12},"end":{"line":135,"column":45},"skip":true},"38":{"start":{"line":138,"column":8},"end":{"line":145,"column":14},"skip":true},"39":{"start":{"line":143,"column":16},"end":{"line":143,"column":29},"skip":true},"40":{"start":{"line":144,"column":16},"end":{"line":144,"column":55},"skip":true},"41":{"start":{"line":147,"column":8},"end":{"line":156,"column":10},"skip":true},"42":{"start":{"line":154,"column":12},"end":{"line":154,"column":25},"skip":true},"43":{"start":{"line":155,"column":12},"end":{"line":155,"column":45},"skip":true},"44":{"start":{"line":158,"column":8},"end":{"line":167,"column":10},"skip":true},"45":{"start":{"line":165,"column":12},"end":{"line":165,"column":25},"skip":true},"46":{"start":{"line":166,"column":12},"end":{"line":166,"column":48},"skip":true},"47":{"start":{"line":169,"column":8},"end":{"line":178,"column":10},"skip":true},"48":{"start":{"line":176,"column":12},"end":{"line":176,"column":25},"skip":true},"49":{"start":{"line":177,"column":12},"end":{"line":177,"column":46},"skip":true},"50":{"start":{"line":180,"column":8},"end":{"line":189,"column":10},"skip":true},"51":{"start":{"line":187,"column":12},"end":{"line":187,"column":94},"skip":true},"52":{"start":{"line":188,"column":12},"end":{"line":188,"column":48},"skip":true},"53":{"start":{"line":192,"column":8},"end":{"line":192,"column":35},"skip":true},"54":{"start":{"line":193,"column":8},"end":{"line":193,"column":14},"skip":true}},"branchMap":{"1":{"line":25,"type":"binary-expr","locations":[{"start":{"line":25,"column":23},"end":{"line":25,"column":62}},{"start":{"line":26,"column":20},"end":{"line":26,"column":70}},{"start":{"line":27,"column":20},"end":{"line":27,"column":71}},{"start":{"line":28,"column":20},"end":{"line":28,"column":29}}]},"2":{"line":30,"type":"binary-expr","locations":[{"start":{"line":30,"column":23},"end":{"line":30,"column":37}},{"start":{"line":31,"column":20},"end":{"line":31,"column":61}},{"start":{"line":32,"column":20},"end":{"line":32,"column":70}},{"start":{"line":33,"column":20},"end":{"line":33,"column":26}}]},"3":{"line":37,"type":"cond-expr","locations":[{"start":{"line":38,"column":14},"end":{"line":38,"column":20}},{"start":{"line":39,"column":14},"end":{"line":39,"column":20}}]},"4":{"line":40,"type":"switch","locations":[{"start":{"line":42,"column":8},"end":{"line":47,"column":18}},{"start":{"line":49,"column":8},"end":{"line":52,"column":18}}]},"5":{"line":44,"type":"binary-expr","locations":[{"start":{"line":44,"column":16},"end":{"line":44,"column":44}},{"start":{"line":44,"column":48},"end":{"line":44,"column":66}}]},"6":{"line":50,"type":"binary-expr","locations":[{"start":{"line":50,"column":21},"end":{"line":50,"column":49}},{"start":{"line":50,"column":53},"end":{"line":50,"column":72}}]},"7":{"line":64,"type":"switch","locations":[{"start":{"line":69,"column":4},"end":{"line":70,"column":14}},{"start":{"line":75,"column":4},"end":{"line":76,"column":14}}]},"8":{"line":85,"type":"switch","locations":[{"start":{"line":90,"column":4},"end":{"line":105,"column":14}},{"start":{"line":111,"column":4},"end":{"line":193,"column":14},"skip":true}]},"9":{"line":91,"type":"binary-expr","locations":[{"start":{"line":91,"column":42},"end":{"line":91,"column":73}},{"start":{"line":91,"column":77},"end":{"line":99,"column":9}}]},"10":{"line":102,"type":"binary-expr","locations":[{"start":{"line":102,"column":18},"end":{"line":102,"column":32}},{"start":{"line":103,"column":12},"end":{"line":103,"column":53}},{"start":{"line":104,"column":12},"end":{"line":104,"column":61}}]},"11":{"line":112,"type":"binary-expr","locations":[{"start":{"line":112,"column":45},"end":{"line":112,"column":79},"skip":true},{"start":{"line":112,"column":83},"end":{"line":121,"column":9},"skip":true}]},"12":{"line":123,"type":"binary-expr","locations":[{"start":{"line":123,"column":42},"end":{"line":123,"column":73},"skip":true},{"start":{"line":123,"column":77},"end":{"line":136,"column":9},"skip":true}]},"13":{"line":138,"type":"binary-expr","locations":[{"start":{"line":138,"column":48},"end":{"line":138,"column":85},"skip":true},{"start":{"line":139,"column":12},"end":{"line":145,"column":13},"skip":true}]},"14":{"line":147,"type":"binary-expr","locations":[{"start":{"line":147,"column":42},"end":{"line":147,"column":73},"skip":true},{"start":{"line":147,"column":77},"end":{"line":156,"column":9},"skip":true}]},"15":{"line":158,"type":"binary-expr","locations":[{"start":{"line":158,"column":45},"end":{"line":158,"column":79},"skip":true},{"start":{"line":158,"column":83},"end":{"line":167,"column":9},"skip":true}]},"16":{"line":169,"type":"binary-expr","locations":[{"start":{"line":169,"column":43},"end":{"line":169,"column":75},"skip":true},{"start":{"line":169,"column":79},"end":{"line":178,"column":9},"skip":true}]},"17":{"line":180,"type":"binary-expr","locations":[{"start":{"line":180,"column":41},"end":{"line":180,"column":71},"skip":true},{"start":{"line":180,"column":75},"end":{"line":189,"column":9},"skip":true}]}},"code":["/* istanbul instrument in package npmtest_vorlon */","/*jslint","    bitwise: true,","    browser: true,","    maxerr: 8,","    maxlen: 96,","    node: true,","    nomen: true,","    regexp: true,","    stupid: true","*/","(function () {","    'use strict';","    var local;","","","","    // run shared js-env code - pre-init","    (function () {","        // init local","        local = {};","        // init modeJs","        local.modeJs = (function () {","            try {","                return typeof navigator.userAgent === 'string' &&","                    typeof document.querySelector('body') === 'object' &&","                    typeof XMLHttpRequest.prototype.open === 'function' &&","                    'browser';","            } catch (errorCaughtBrowser) {","                return module.exports &&","                    typeof process.versions.node === 'string' &&","                    typeof require('http').createServer === 'function' &&","                    'node';","            }","        }());","        // init global","        local.global = local.modeJs === 'browser'","            ? window","            : global;","        switch (local.modeJs) {","        // re-init local from window.local","        case 'browser':","            local = local.global.utility2.objectSetDefault(","                local.global.utility2_rollup || local.global.local,","                local.global.utility2","            );","            break;","        // re-init local from example.js","        case 'node':","            local = (local.global.utility2_rollup || require('utility2'))","                .requireExampleJsFromReadme();","            break;","        }","        // export local","        local.global.local = local;","    }());","","","","    // run shared js-env code - function","    (function () {","        return;","    }());","    switch (local.modeJs) {","","","","    // run browser js-env code - function","    case 'browser':","        break;","","","","    // run node js-env code - function","    case 'node':","        break;","    }","","","","    // run shared js-env code - post-init","    (function () {","        return;","    }());","    switch (local.modeJs) {","","","","    // run browser js-env code - post-init","    case 'browser':","        local.testCase_browser_nullCase = local.testCase_browser_nullCase || function (","            options,","            onError","        ) {","        /*","         * this function will test browsers's null-case handling-behavior-behavior","         */","            onError(null, options);","        };","","        // run tests","        local.nop(local.modeTest &&","            document.querySelector('#testRunButton1') &&","            document.querySelector('#testRunButton1').click());","        break;","","","","    // run node js-env code - post-init","    /* istanbul ignore next */","    case 'node':","        local.testCase_buildApidoc_default = local.testCase_buildApidoc_default || function (","            options,","            onError","        ) {","        /*","         * this function will test buildApidoc's default handling-behavior-behavior","         */","            options = { modulePathList: module.paths };","            local.buildApidoc(options, onError);","        };","","        local.testCase_buildApp_default = local.testCase_buildApp_default || function (","            options,","            onError","        ) {","        /*","         * this function will test buildApp's default handling-behavior-behavior","         */","            local.testCase_buildReadme_default(options, local.onErrorThrow);","            local.testCase_buildLib_default(options, local.onErrorThrow);","            local.testCase_buildTest_default(options, local.onErrorThrow);","            local.testCase_buildCustomOrg_default(options, local.onErrorThrow);","            options = [];","            local.buildApp(options, onError);","        };","","        local.testCase_buildCustomOrg_default = local.testCase_buildCustomOrg_default ||","            function (options, onError) {","            /*","             * this function will test buildCustomOrg's default handling-behavior","             */","                options = {};","                local.buildCustomOrg(options, onError);","            };","","        local.testCase_buildLib_default = local.testCase_buildLib_default || function (","            options,","            onError","        ) {","        /*","         * this function will test buildLib's default handling-behavior","         */","            options = {};","            local.buildLib(options, onError);","        };","","        local.testCase_buildReadme_default = local.testCase_buildReadme_default || function (","            options,","            onError","        ) {","        /*","         * this function will test buildReadme's default handling-behavior-behavior","         */","            options = {};","            local.buildReadme(options, onError);","        };","","        local.testCase_buildTest_default = local.testCase_buildTest_default || function (","            options,","            onError","        ) {","        /*","         * this function will test buildTest's default handling-behavior","         */","            options = {};","            local.buildTest(options, onError);","        };","","        local.testCase_webpage_default = local.testCase_webpage_default || function (","            options,","            onError","        ) {","        /*","         * this function will test webpage's default handling-behavior","         */","            options = { modeCoverageMerge: true, url: local.serverLocalHost + '?modeTest=1' };","            local.browserTest(options, onError);","        };","","        // run test-server","        local.testRunServer(local);","        break;","    }","}());",""],"l":{"12":2,"14":2,"19":2,"21":2,"23":2,"24":2,"25":2,"30":1,"37":2,"40":2,"43":1,"47":1,"50":1,"52":1,"55":2,"61":2,"62":2,"64":2,"70":1,"76":1,"82":2,"83":2,"85":2,"91":1,"98":1,"102":1,"105":1,"112":1,"119":1,"120":1,"123":1,"130":1,"131":1,"132":1,"133":1,"134":1,"135":1,"138":1,"143":2,"144":2,"147":1,"154":2,"155":2,"158":1,"165":2,"166":2,"169":1,"176":2,"177":2,"180":1,"187":1,"188":1,"192":1,"193":1}},"/home/travis/build/npmtest/node-npmtest-vorlon/lib.npmtest_vorlon.js":{"path":"/home/travis/build/npmtest/node-npmtest-vorlon/lib.npmtest_vorlon.js","s":{"1":2,"2":2,"3":2,"4":2,"5":2,"6":2,"7":2,"8":1,"9":2,"10":2,"11":2,"12":2,"13":1,"14":1,"15":1,"16":1},"b":{"1":[2,1,1,1],"2":[1,1,1,1],"3":[1,1],"4":[2,2],"5":[1,1]},"f":{"1":2,"2":2,"3":2},"fnMap":{"1":{"name":"(anonymous_1)","line":12,"loc":{"start":{"line":12,"column":1},"end":{"line":12,"column":13}}},"2":{"name":"(anonymous_2)","line":19,"loc":{"start":{"line":19,"column":5},"end":{"line":19,"column":17}}},"3":{"name":"(anonymous_3)","line":23,"loc":{"start":{"line":23,"column":24},"end":{"line":23,"column":36}}}},"statementMap":{"1":{"start":{"line":12,"column":0},"end":{"line":53,"column":5}},"2":{"start":{"line":14,"column":4},"end":{"line":14,"column":14}},"3":{"start":{"line":19,"column":4},"end":{"line":52,"column":9}},"4":{"start":{"line":21,"column":8},"end":{"line":21,"column":19}},"5":{"start":{"line":23,"column":8},"end":{"line":35,"column":13}},"6":{"start":{"line":24,"column":12},"end":{"line":34,"column":13}},"7":{"start":{"line":25,"column":16},"end":{"line":28,"column":30}},"8":{"start":{"line":30,"column":16},"end":{"line":33,"column":27}},"9":{"start":{"line":37,"column":8},"end":{"line":39,"column":21}},"10":{"start":{"line":41,"column":8},"end":{"line":41,"column":54}},"11":{"start":{"line":43,"column":8},"end":{"line":43,"column":51}},"12":{"start":{"line":45,"column":8},"end":{"line":51,"column":9}},"13":{"start":{"line":46,"column":12},"end":{"line":46,"column":57}},"14":{"start":{"line":48,"column":12},"end":{"line":48,"column":35}},"15":{"start":{"line":49,"column":12},"end":{"line":49,"column":49}},"16":{"start":{"line":50,"column":12},"end":{"line":50,"column":43}}},"branchMap":{"1":{"line":25,"type":"binary-expr","locations":[{"start":{"line":25,"column":23},"end":{"line":25,"column":62}},{"start":{"line":26,"column":20},"end":{"line":26,"column":70}},{"start":{"line":27,"column":20},"end":{"line":27,"column":71}},{"start":{"line":28,"column":20},"end":{"line":28,"column":29}}]},"2":{"line":30,"type":"binary-expr","locations":[{"start":{"line":30,"column":23},"end":{"line":30,"column":37}},{"start":{"line":31,"column":20},"end":{"line":31,"column":61}},{"start":{"line":32,"column":20},"end":{"line":32,"column":70}},{"start":{"line":33,"column":20},"end":{"line":33,"column":26}}]},"3":{"line":37,"type":"cond-expr","locations":[{"start":{"line":38,"column":14},"end":{"line":38,"column":20}},{"start":{"line":39,"column":14},"end":{"line":39,"column":20}}]},"4":{"line":41,"type":"binary-expr","locations":[{"start":{"line":41,"column":16},"end":{"line":41,"column":44}},{"start":{"line":41,"column":48},"end":{"line":41,"column":53}}]},"5":{"line":45,"type":"if","locations":[{"start":{"line":45,"column":8},"end":{"line":45,"column":8}},{"start":{"line":45,"column":8},"end":{"line":45,"column":8}}]}},"code":["/* istanbul instrument in package npmtest_vorlon */","/*jslint","    bitwise: true,","    browser: true,","    maxerr: 8,","    maxlen: 96,","    node: true,","    nomen: true,","    regexp: true,","    stupid: true","*/","(function () {","    'use strict';","    var local;","","","","    // run shared js-env code - pre-init","    (function () {","        // init local","        local = {};","        // init modeJs","        local.modeJs = (function () {","            try {","                return typeof navigator.userAgent === 'string' &&","                    typeof document.querySelector('body') === 'object' &&","                    typeof XMLHttpRequest.prototype.open === 'function' &&","                    'browser';","            } catch (errorCaughtBrowser) {","                return module.exports &&","                    typeof process.versions.node === 'string' &&","                    typeof require('http').createServer === 'function' &&","                    'node';","            }","        }());","        // init global","        local.global = local.modeJs === 'browser'","            ? window","            : global;","        // init utility2_rollup","        local = local.global.utility2_rollup || local;","        // init lib","        local.local = local.npmtest_vorlon = local;","        // init exports","        if (local.modeJs === 'browser') {","            local.global.utility2_npmtest_vorlon = local;","        } else {","            module.exports = local;","            module.exports.__dirname = __dirname;","            module.exports.module = module;","        }","    }());","}());",""],"l":{"12":2,"14":2,"19":2,"21":2,"23":2,"24":2,"25":2,"30":1,"37":2,"41":2,"43":2,"45":2,"46":1,"48":1,"49":1,"50":1}},"/home/travis/build/npmtest/node-npmtest-vorlon/example.js":{"path":"/home/travis/build/npmtest/node-npmtest-vorlon/example.js","s":{"1":2,"2":2,"3":2,"4":2,"5":2,"6":2,"7":2,"8":1,"9":2,"10":2,"11":2,"12":2,"13":1,"14":2,"15":2,"16":2,"17":2,"18":2,"19":0,"20":2,"21":1,"22":1,"23":1,"24":1,"25":1,"26":0,"27":0,"28":1,"29":1,"30":2,"31":0,"32":0,"33":0,"34":1,"35":2,"36":2,"37":3,"38":3,"39":3,"40":3,"41":0,"42":3,"43":3,"44":3,"45":1,"46":3,"47":1,"48":1,"49":1,"50":1,"51":1,"52":1,"53":1,"54":1,"55":1,"56":1,"57":0,"58":1,"59":6,"60":6,"61":1,"62":2,"63":0,"64":2,"65":1,"66":1,"67":0,"68":0,"69":0,"70":0,"71":0,"72":0,"73":0,"74":0,"75":0,"76":0,"77":0,"78":0,"79":0,"80":0,"81":0,"82":0,"83":0},"b":{"1":[2,1,1,1],"2":[1,1,1,1],"3":[1,1],"4":[2,2],"5":[1,1],"6":[1,1],"7":[2,0],"8":[2,1,1,1,1,1],"9":[0,2,0],"10":[1,1],"11":[2,1,1],"12":[1,0],"13":[0,2],"14":[2,0,0,0,0,0,0],"15":[0,3],"16":[3,0],"17":[1,1],"18":[0,1],"19":[1,2,0,2],"20":[1,0],"21":[1,1],"22":[0,0],"23":[0,0],"24":[0,0],"25":[0,0],"26":[0,0],"27":[0,0],"28":[0,0]},"f":{"1":2,"2":2,"3":2,"4":2,"5":2,"6":2,"7":3,"8":3,"9":3,"10":1,"11":6,"12":0},"fnMap":{"1":{"name":"(anonymous_1)","line":26,"loc":{"start":{"line":26,"column":1},"end":{"line":26,"column":13}}},"2":{"name":"(anonymous_2)","line":33,"loc":{"start":{"line":33,"column":5},"end":{"line":33,"column":17}}},"3":{"name":"(anonymous_3)","line":37,"loc":{"start":{"line":37,"column":24},"end":{"line":37,"column":36}}},"4":{"name":"(anonymous_4)","line":69,"loc":{"start":{"line":69,"column":31},"end":{"line":69,"column":48}},"skip":true},"5":{"name":"(anonymous_5)","line":78,"loc":{"start":{"line":78,"column":26},"end":{"line":78,"column":45}},"skip":true},"6":{"name":"(anonymous_6)","line":123,"loc":{"start":{"line":123,"column":33},"end":{"line":123,"column":48}},"skip":true},"7":{"name":"(anonymous_7)","line":125,"loc":{"start":{"line":125,"column":27},"end":{"line":125,"column":39}},"skip":true},"8":{"name":"(anonymous_8)","line":133,"loc":{"start":{"line":133,"column":59},"end":{"line":133,"column":74}},"skip":true},"9":{"name":"(anonymous_9)","line":143,"loc":{"start":{"line":143,"column":45},"end":{"line":143,"column":62}},"skip":true},"10":{"name":"(anonymous_10)","line":144,"loc":{"start":{"line":144,"column":73},"end":{"line":144,"column":92}},"skip":true},"11":{"name":"(anonymous_11)","line":272,"loc":{"start":{"line":272,"column":51},"end":{"line":272,"column":77}},"skip":true},"12":{"name":"(anonymous_12)","line":315,"loc":{"start":{"line":315,"column":32},"end":{"line":315,"column":61}},"skip":true}},"statementMap":{"1":{"start":{"line":26,"column":0},"end":{"line":326,"column":5}},"2":{"start":{"line":28,"column":4},"end":{"line":28,"column":14}},"3":{"start":{"line":33,"column":4},"end":{"line":60,"column":9}},"4":{"start":{"line":35,"column":8},"end":{"line":35,"column":19}},"5":{"start":{"line":37,"column":8},"end":{"line":49,"column":13}},"6":{"start":{"line":38,"column":12},"end":{"line":48,"column":13}},"7":{"start":{"line":39,"column":16},"end":{"line":42,"column":30}},"8":{"start":{"line":44,"column":16},"end":{"line":47,"column":27}},"9":{"start":{"line":51,"column":8},"end":{"line":53,"column":21}},"10":{"start":{"line":55,"column":8},"end":{"line":57,"column":45}},"11":{"start":{"line":59,"column":8},"end":{"line":59,"column":35}},"12":{"start":{"line":61,"column":4},"end":{"line":325,"column":5}},"13":{"start":{"line":69,"column":8},"end":{"line":121,"column":10},"skip":true},"14":{"start":{"line":70,"column":12},"end":{"line":88,"column":13},"skip":true},"15":{"start":{"line":76,"column":16},"end":{"line":87,"column":19},"skip":true},"16":{"start":{"line":79,"column":20},"end":{"line":86,"column":21},"skip":true},"17":{"start":{"line":82,"column":24},"end":{"line":82,"column":43},"skip":true},"18":{"start":{"line":83,"column":24},"end":{"line":83,"column":30},"skip":true},"19":{"start":{"line":85,"column":24},"end":{"line":85,"column":49},"skip":true},"20":{"start":{"line":89,"column":12},"end":{"line":107,"column":13},"skip":true},"21":{"start":{"line":92,"column":16},"end":{"line":102,"column":17},"skip":true},"22":{"start":{"line":93,"column":20},"end":{"line":93,"column":86},"skip":true},"23":{"start":{"line":94,"column":20},"end":{"line":95,"column":45},"skip":true},"24":{"start":{"line":96,"column":20},"end":{"line":96,"column":42},"skip":true},"25":{"start":{"line":97,"column":20},"end":{"line":97,"column":48},"skip":true},"26":{"start":{"line":100,"column":20},"end":{"line":100,"column":85},"skip":true},"27":{"start":{"line":101,"column":20},"end":{"line":101,"column":96},"skip":true},"28":{"start":{"line":103,"column":16},"end":{"line":103,"column":22},"skip":true},"29":{"start":{"line":106,"column":16},"end":{"line":106,"column":22},"skip":true},"30":{"start":{"line":108,"column":12},"end":{"line":120,"column":13},"skip":true},"31":{"start":{"line":114,"column":16},"end":{"line":119,"column":17},"skip":true},"32":{"start":{"line":116,"column":20},"end":{"line":116,"column":78},"skip":true},"33":{"start":{"line":118,"column":20},"end":{"line":118,"column":47},"skip":true},"34":{"start":{"line":123,"column":8},"end":{"line":141,"column":11},"skip":true},"35":{"start":{"line":124,"column":12},"end":{"line":124,"column":54},"skip":true},"36":{"start":{"line":125,"column":12},"end":{"line":140,"column":14},"skip":true},"37":{"start":{"line":126,"column":16},"end":{"line":126,"column":28},"skip":true},"38":{"start":{"line":127,"column":16},"end":{"line":127,"column":69},"skip":true},"39":{"start":{"line":128,"column":16},"end":{"line":128,"column":75},"skip":true},"40":{"start":{"line":129,"column":16},"end":{"line":131,"column":17},"skip":true},"41":{"start":{"line":130,"column":20},"end":{"line":130,"column":27},"skip":true},"42":{"start":{"line":133,"column":16},"end":{"line":137,"column":36},"skip":true},"43":{"start":{"line":134,"column":20},"end":{"line":136,"column":55},"skip":true},"44":{"start":{"line":139,"column":16},"end":{"line":139,"column":57},"skip":true},"45":{"start":{"line":143,"column":8},"end":{"line":147,"column":11},"skip":true},"46":{"start":{"line":144,"column":12},"end":{"line":146,"column":15},"skip":true},"47":{"start":{"line":145,"column":16},"end":{"line":145,"column":70},"skip":true},"48":{"start":{"line":149,"column":8},"end":{"line":149,"column":31},"skip":true},"49":{"start":{"line":150,"column":8},"end":{"line":150,"column":14},"skip":true},"50":{"start":{"line":158,"column":8},"end":{"line":158,"column":31},"skip":true},"51":{"start":{"line":160,"column":8},"end":{"line":160,"column":33},"skip":true},"52":{"start":{"line":161,"column":8},"end":{"line":161,"column":37},"skip":true},"53":{"start":{"line":162,"column":8},"end":{"line":162,"column":35},"skip":true},"54":{"start":{"line":164,"column":8},"end":{"line":164,"column":50},"skip":true},"55":{"start":{"line":166,"column":8},"end":{"line":256,"column":2},"skip":true},"56":{"start":{"line":258,"column":8},"end":{"line":286,"column":9},"skip":true},"57":{"start":{"line":259,"column":12},"end":{"line":269,"column":14},"skip":true},"58":{"start":{"line":271,"column":12},"end":{"line":285,"column":19},"skip":true},"59":{"start":{"line":274,"column":20},"end":{"line":274,"column":35},"skip":true},"60":{"start":{"line":275,"column":20},"end":{"line":284,"column":21},"skip":true},"61":{"start":{"line":277,"column":24},"end":{"line":277,"column":64},"skip":true},"62":{"start":{"line":279,"column":24},"end":{"line":279,"column":40},"skip":true},"63":{"start":{"line":281,"column":24},"end":{"line":281,"column":40},"skip":true},"64":{"start":{"line":283,"column":24},"end":{"line":283,"column":39},"skip":true},"65":{"start":{"line":288,"column":8},"end":{"line":290,"column":9},"skip":true},"66":{"start":{"line":289,"column":12},"end":{"line":289,"column":18},"skip":true},"67":{"start":{"line":291,"column":8},"end":{"line":293,"column":54},"skip":true},"68":{"start":{"line":296,"column":8},"end":{"line":301,"column":37},"skip":true},"69":{"start":{"line":303,"column":8},"end":{"line":303,"column":82},"skip":true},"70":{"start":{"line":306,"column":8},"end":{"line":308,"column":9},"skip":true},"71":{"start":{"line":307,"column":12},"end":{"line":307,"column":82},"skip":true},"72":{"start":{"line":310,"column":8},"end":{"line":312,"column":9},"skip":true},"73":{"start":{"line":311,"column":12},"end":{"line":311,"column":18},"skip":true},"74":{"start":{"line":313,"column":8},"end":{"line":313,"column":54},"skip":true},"75":{"start":{"line":314,"column":8},"end":{"line":314,"column":69},"skip":true},"76":{"start":{"line":315,"column":8},"end":{"line":323,"column":36},"skip":true},"77":{"start":{"line":316,"column":12},"end":{"line":316,"column":61},"skip":true},"78":{"start":{"line":317,"column":12},"end":{"line":320,"column":13},"skip":true},"79":{"start":{"line":318,"column":16},"end":{"line":318,"column":75},"skip":true},"80":{"start":{"line":319,"column":16},"end":{"line":319,"column":23},"skip":true},"81":{"start":{"line":321,"column":12},"end":{"line":321,"column":38},"skip":true},"82":{"start":{"line":322,"column":12},"end":{"line":322,"column":27},"skip":true},"83":{"start":{"line":324,"column":8},"end":{"line":324,"column":14},"skip":true}},"branchMap":{"1":{"line":39,"type":"binary-expr","locations":[{"start":{"line":39,"column":23},"end":{"line":39,"column":62}},{"start":{"line":40,"column":20},"end":{"line":40,"column":70}},{"start":{"line":41,"column":20},"end":{"line":41,"column":71}},{"start":{"line":42,"column":20},"end":{"line":42,"column":29}}]},"2":{"line":44,"type":"binary-expr","locations":[{"start":{"line":44,"column":23},"end":{"line":44,"column":37}},{"start":{"line":45,"column":20},"end":{"line":45,"column":61}},{"start":{"line":46,"column":20},"end":{"line":46,"column":70}},{"start":{"line":47,"column":20},"end":{"line":47,"column":26}}]},"3":{"line":51,"type":"cond-expr","locations":[{"start":{"line":52,"column":14},"end":{"line":52,"column":20}},{"start":{"line":53,"column":14},"end":{"line":53,"column":20}}]},"4":{"line":55,"type":"binary-expr","locations":[{"start":{"line":55,"column":16},"end":{"line":55,"column":44}},{"start":{"line":55,"column":49},"end":{"line":57,"column":43}}]},"5":{"line":55,"type":"cond-expr","locations":[{"start":{"line":56,"column":14},"end":{"line":56,"column":50}},{"start":{"line":57,"column":14},"end":{"line":57,"column":43}}]},"6":{"line":61,"type":"switch","locations":[{"start":{"line":68,"column":4},"end":{"line":150,"column":14},"skip":true},{"start":{"line":156,"column":4},"end":{"line":324,"column":14},"skip":true}]},"7":{"line":70,"type":"if","locations":[{"start":{"line":70,"column":12},"end":{"line":70,"column":12},"skip":true},{"start":{"line":70,"column":12},"end":{"line":70,"column":12},"skip":true}]},"8":{"line":70,"type":"binary-expr","locations":[{"start":{"line":70,"column":16},"end":{"line":70,"column":22},"skip":true},{"start":{"line":70,"column":27},"end":{"line":70,"column":32},"skip":true},{"start":{"line":71,"column":20},"end":{"line":71,"column":39},"skip":true},{"start":{"line":72,"column":20},"end":{"line":72,"column":49},"skip":true},{"start":{"line":73,"column":20},"end":{"line":73,"column":58},"skip":true},{"start":{"line":74,"column":20},"end":{"line":74,"column":69},"skip":true}]},"9":{"line":79,"type":"switch","locations":[{"start":{"line":80,"column":20},"end":{"line":80,"column":33},"skip":true},{"start":{"line":81,"column":20},"end":{"line":83,"column":30},"skip":true},{"start":{"line":84,"column":20},"end":{"line":85,"column":49},"skip":true}]},"10":{"line":89,"type":"switch","locations":[{"start":{"line":90,"column":12},"end":{"line":103,"column":22},"skip":true},{"start":{"line":105,"column":12},"end":{"line":106,"column":22},"skip":true}]},"11":{"line":89,"type":"binary-expr","locations":[{"start":{"line":89,"column":20},"end":{"line":89,"column":25},"skip":true},{"start":{"line":89,"column":29},"end":{"line":89,"column":48},"skip":true},{"start":{"line":89,"column":52},"end":{"line":89,"column":74},"skip":true}]},"12":{"line":92,"type":"if","locations":[{"start":{"line":92,"column":16},"end":{"line":92,"column":16},"skip":true},{"start":{"line":92,"column":16},"end":{"line":92,"column":16},"skip":true}]},"13":{"line":108,"type":"if","locations":[{"start":{"line":108,"column":12},"end":{"line":108,"column":12},"skip":true},{"start":{"line":108,"column":12},"end":{"line":108,"column":12},"skip":true}]},"14":{"line":108,"type":"binary-expr","locations":[{"start":{"line":108,"column":16},"end":{"line":108,"column":61},"skip":true},{"start":{"line":108,"column":66},"end":{"line":108,"column":72},"skip":true},{"start":{"line":108,"column":77},"end":{"line":108,"column":82},"skip":true},{"start":{"line":109,"column":20},"end":{"line":109,"column":39},"skip":true},{"start":{"line":110,"column":20},"end":{"line":110,"column":49},"skip":true},{"start":{"line":111,"column":20},"end":{"line":111,"column":58},"skip":true},{"start":{"line":112,"column":20},"end":{"line":112,"column":68},"skip":true}]},"15":{"line":129,"type":"if","locations":[{"start":{"line":129,"column":16},"end":{"line":129,"column":16},"skip":true},{"start":{"line":129,"column":16},"end":{"line":129,"column":16},"skip":true}]},"16":{"line":134,"type":"cond-expr","locations":[{"start":{"line":135,"column":26},"end":{"line":135,"column":29},"skip":true},{"start":{"line":136,"column":26},"end":{"line":136,"column":54},"skip":true}]},"17":{"line":164,"type":"binary-expr","locations":[{"start":{"line":164,"column":27},"end":{"line":164,"column":43},"skip":true},{"start":{"line":164,"column":47},"end":{"line":164,"column":49},"skip":true}]},"18":{"line":258,"type":"if","locations":[{"start":{"line":258,"column":8},"end":{"line":258,"column":8},"skip":true},{"start":{"line":258,"column":8},"end":{"line":258,"column":8},"skip":true}]},"19":{"line":275,"type":"switch","locations":[{"start":{"line":276,"column":20},"end":{"line":277,"column":64},"skip":true},{"start":{"line":278,"column":20},"end":{"line":279,"column":40},"skip":true},{"start":{"line":280,"column":20},"end":{"line":281,"column":40},"skip":true},{"start":{"line":282,"column":20},"end":{"line":283,"column":39},"skip":true}]},"20":{"line":288,"type":"if","locations":[{"start":{"line":288,"column":8},"end":{"line":288,"column":8},"skip":true},{"start":{"line":288,"column":8},"end":{"line":288,"column":8},"skip":true}]},"21":{"line":288,"type":"binary-expr","locations":[{"start":{"line":288,"column":12},"end":{"line":288,"column":40},"skip":true},{"start":{"line":288,"column":44},"end":{"line":288,"column":67},"skip":true}]},"22":{"line":292,"type":"binary-expr","locations":[{"start":{"line":292,"column":12},"end":{"line":292,"column":50},"skip":true},{"start":{"line":293,"column":12},"end":{"line":293,"column":53},"skip":true}]},"23":{"line":297,"type":"binary-expr","locations":[{"start":{"line":297,"column":12},"end":{"line":297,"column":64},"skip":true},{"start":{"line":298,"column":12},"end":{"line":301,"column":36},"skip":true}]},"24":{"line":303,"type":"binary-expr","locations":[{"start":{"line":303,"column":43},"end":{"line":303,"column":75},"skip":true},{"start":{"line":303,"column":79},"end":{"line":303,"column":81},"skip":true}]},"25":{"line":306,"type":"if","locations":[{"start":{"line":306,"column":8},"end":{"line":306,"column":8},"skip":true},{"start":{"line":306,"column":8},"end":{"line":306,"column":8},"skip":true}]},"26":{"line":310,"type":"if","locations":[{"start":{"line":310,"column":8},"end":{"line":310,"column":8},"skip":true},{"start":{"line":310,"column":8},"end":{"line":310,"column":8},"skip":true}]},"27":{"line":313,"type":"binary-expr","locations":[{"start":{"line":313,"column":27},"end":{"line":313,"column":43},"skip":true},{"start":{"line":313,"column":47},"end":{"line":313,"column":53},"skip":true}]},"28":{"line":317,"type":"if","locations":[{"start":{"line":317,"column":12},"end":{"line":317,"column":12},"skip":true},{"start":{"line":317,"column":12},"end":{"line":317,"column":12},"skip":true}]}},"code":["/*","example.js","","quickstart example","","instruction","    1. save this script as example.js","    2. run the shell command:","        $ npm install npmtest-vorlon && PORT=8081 node example.js","    3. play with the browser-demo on http://127.0.0.1:8081","*/","","","","/* istanbul instrument in package npmtest_vorlon */","/*jslint","    bitwise: true,","    browser: true,","    maxerr: 8,","    maxlen: 96,","    node: true,","    nomen: true,","    regexp: true,","    stupid: true","*/","(function () {","    'use strict';","    var local;","","","","    // run shared js-env code - pre-init","    (function () {","        // init local","        local = {};","        // init modeJs","        local.modeJs = (function () {","            try {","                return typeof navigator.userAgent === 'string' &&","                    typeof document.querySelector('body') === 'object' &&","                    typeof XMLHttpRequest.prototype.open === 'function' &&","                    'browser';","            } catch (errorCaughtBrowser) {","                return module.exports &&","                    typeof process.versions.node === 'string' &&","                    typeof require('http').createServer === 'function' &&","                    'node';","            }","        }());","        // init global","        local.global = local.modeJs === 'browser'","            ? window","            : global;","        // init utility2_rollup","        local = local.global.utility2_rollup || (local.modeJs === 'browser'","            ? local.global.utility2_npmtest_vorlon","            : global.utility2_moduleExports);","        // export local","        local.global.local = local;","    }());","    switch (local.modeJs) {","","","","    // post-init","    // run browser js-env code - post-init","    /* istanbul ignore next */","    case 'browser':","        local.testRunBrowser = function (event) {","            if (!event || (event &&","                    event.currentTarget &&","                    event.currentTarget.className &&","                    event.currentTarget.className.includes &&","                    event.currentTarget.className.includes('onreset'))) {","                // reset output","                Array.from(","                    document.querySelectorAll('body > .resettable')","                ).forEach(function (element) {","                    switch (element.tagName) {","                    case 'INPUT':","                    case 'TEXTAREA':","                        element.value = '';","                        break;","                    default:","                        element.textContent = '';","                    }","                });","            }","            switch (event && event.currentTarget && event.currentTarget.id) {","            case 'testRunButton1':","                // show tests","                if (document.querySelector('#testReportDiv1').style.display === 'none') {","                    document.querySelector('#testReportDiv1').style.display = 'block';","                    document.querySelector('#testRunButton1').textContent =","                        'hide internal test';","                    local.modeTest = true;","                    local.testRunDefault(local);","                // hide tests","                } else {","                    document.querySelector('#testReportDiv1').style.display = 'none';","                    document.querySelector('#testRunButton1').textContent = 'run internal test';","                }","                break;","            // custom-case","            default:","                break;","            }","            if (document.querySelector('#inputTextareaEval1') && (!event || (event &&","                    event.currentTarget &&","                    event.currentTarget.className &&","                    event.currentTarget.className.includes &&","                    event.currentTarget.className.includes('oneval')))) {","                // try to eval input-code","                try {","                    /*jslint evil: true*/","                    eval(document.querySelector('#inputTextareaEval1').value);","                } catch (errorCaught) {","                    console.error(errorCaught);","                }","            }","        };","        // log stderr and stdout to #outputTextareaStdout1","        ['error', 'log'].forEach(function (key) {","            console[key + '_original'] = console[key];","            console[key] = function () {","                var element;","                console[key + '_original'].apply(console, arguments);","                element = document.querySelector('#outputTextareaStdout1');","                if (!element) {","                    return;","                }","                // append text to #outputTextareaStdout1","                element.value += Array.from(arguments).map(function (arg) {","                    return typeof arg === 'string'","                        ? arg","                        : JSON.stringify(arg, null, 4);","                }).join(' ') + '\\n';","                // scroll textarea to bottom","                element.scrollTop = element.scrollHeight;","            };","        });","        // init event-handling","        ['change', 'click', 'keyup'].forEach(function (event) {","            Array.from(document.querySelectorAll('.on' + event)).forEach(function (element) {","                element.addEventListener(event, local.testRunBrowser);","            });","        });","        // run tests","        local.testRunBrowser();","        break;","","","","    // run node js-env code - post-init","    /* istanbul ignore next */","    case 'node':","        // export local","        module.exports = local;","        // require modules","        local.fs = require('fs');","        local.http = require('http');","        local.url = require('url');","        // init assets","        local.assetsDict = local.assetsDict || {};","        /* jslint-ignore-begin */","        local.assetsDict['/assets.index.template.html'] = '\\","<!doctype html>\\n\\","<html lang=\"en\">\\n\\","<head>\\n\\","<meta charset=\"UTF-8\">\\n\\","<meta name=\"viewport\" content=\"width=device-width, initial-scale=1\">\\n\\","<title>{{env.npm_package_name}} (v{{env.npm_package_version}})</title>\\n\\","<style>\\n\\","/*csslint\\n\\","    box-sizing: false,\\n\\","    universal-selector: false\\n\\","*/\\n\\","* {\\n\\","    box-sizing: border-box;\\n\\","}\\n\\","body {\\n\\","    background: #dde;\\n\\","    font-family: Arial, Helvetica, sans-serif;\\n\\","    margin: 2rem;\\n\\","}\\n\\","body > * {\\n\\","    margin-bottom: 1rem;\\n\\","}\\n\\",".utility2FooterDiv {\\n\\","    margin-top: 20px;\\n\\","    text-align: center;\\n\\","}\\n\\","</style>\\n\\","<style>\\n\\","/*csslint\\n\\","*/\\n\\","textarea {\\n\\","    font-family: monospace;\\n\\","    height: 10rem;\\n\\","    width: 100%;\\n\\","}\\n\\","textarea[readonly] {\\n\\","    background: #ddd;\\n\\","}\\n\\","</style>\\n\\","</head>\\n\\","<body>\\n\\","<!-- utility2-comment\\n\\","<div id=\"ajaxProgressDiv1\" style=\"background: #d00; height: 2px; left: 0; margin: 0; padding: 0; position: fixed; top: 0; transition: background 0.5s, width 1.5s; width: 25%;\"></div>\\n\\","utility2-comment -->\\n\\","<h1>\\n\\","<!-- utility2-comment\\n\\","    <a\\n\\","        {{#if env.npm_package_homepage}}\\n\\","        href=\"{{env.npm_package_homepage}}\"\\n\\","        {{/if env.npm_package_homepage}}\\n\\","        target=\"_blank\"\\n\\","    >\\n\\","utility2-comment -->\\n\\","        {{env.npm_package_name}} (v{{env.npm_package_version}})\\n\\","<!-- utility2-comment\\n\\","    </a>\\n\\","utility2-comment -->\\n\\","</h1>\\n\\","<h3>{{env.npm_package_description}}</h3>\\n\\","<!-- utility2-comment\\n\\","<h4><a download href=\"assets.app.js\">download standalone app</a></h4>\\n\\","<button class=\"onclick onreset\" id=\"testRunButton1\">run internal test</button><br>\\n\\","<div id=\"testReportDiv1\" style=\"display: none;\"></div>\\n\\","utility2-comment -->\\n\\","\\n\\","\\n\\","\\n\\","<label>stderr and stdout</label>\\n\\","<textarea class=\"resettable\" id=\"outputTextareaStdout1\" readonly></textarea>\\n\\","<!-- utility2-comment\\n\\","{{#if isRollup}}\\n\\","<script src=\"assets.app.js\"></script>\\n\\","{{#unless isRollup}}\\n\\","utility2-comment -->\\n\\","<script src=\"assets.utility2.rollup.js\"></script>\\n\\","<script src=\"jsonp.utility2._stateInit?callback=window.utility2._stateInit\"></script>\\n\\","<script src=\"assets.npmtest_vorlon.rollup.js\"></script>\\n\\","<script src=\"assets.example.js\"></script>\\n\\","<script src=\"assets.test.js\"></script>\\n\\","<!-- utility2-comment\\n\\","{{/if isRollup}}\\n\\","utility2-comment -->\\n\\","<div class=\"utility2FooterDiv\">\\n\\","    [ this app was created with\\n\\","    <a href=\"https://github.com/kaizhu256/node-utility2\" target=\"_blank\">utility2</a>\\n\\","    ]\\n\\","</div>\\n\\","</body>\\n\\","</html>\\n\\","';","        /* jslint-ignore-end */","        if (local.templateRender) {","            local.assetsDict['/'] = local.templateRender(","                local.assetsDict['/assets.index.template.html'],","                {","                    env: local.objectSetDefault(local.env, {","                        npm_package_description: 'the greatest app in the world!',","                        npm_package_name: 'my-app',","                        npm_package_nameAlias: 'my_app',","                        npm_package_version: '0.0.1'","                    })","                }","            );","        } else {","            local.assetsDict['/'] = local.assetsDict['/assets.index.template.html']","                .replace((/\\{\\{env\\.(\\w+?)\\}\\}/g), function (match0, match1) {","                    // jslint-hack","                    String(match0);","                    switch (match1) {","                    case 'npm_package_description':","                        return 'the greatest app in the world!';","                    case 'npm_package_name':","                        return 'my-app';","                    case 'npm_package_nameAlias':","                        return 'my_app';","                    case 'npm_package_version':","                        return '0.0.1';","                    }","                });","        }","        // run the cli","        if (local.global.utility2_rollup || module !== require.main) {","            break;","        }","        local.assetsDict['/assets.example.js'] =","            local.assetsDict['/assets.example.js'] ||","            local.fs.readFileSync(__filename, 'utf8');","        // bug-workaround - long $npm_package_buildCustomOrg","        /* jslint-ignore-begin */","        local.assetsDict['/assets.npmtest_vorlon.rollup.js'] =","            local.assetsDict['/assets.npmtest_vorlon.rollup.js'] ||","            local.fs.readFileSync(","                local.npmtest_vorlon.__dirname + '/lib.npmtest_vorlon.js',","                'utf8'","            ).replace((/^#!/), '//');","        /* jslint-ignore-end */","        local.assetsDict['/favicon.ico'] = local.assetsDict['/favicon.ico'] || '';","        // if $npm_config_timeout_exit exists,","        // then exit this process after $npm_config_timeout_exit ms","        if (Number(process.env.npm_config_timeout_exit)) {","            setTimeout(process.exit, Number(process.env.npm_config_timeout_exit));","        }","        // start server","        if (local.global.utility2_serverHttp1) {","            break;","        }","        process.env.PORT = process.env.PORT || '8081';","        console.error('server starting on port ' + process.env.PORT);","        local.http.createServer(function (request, response) {","            request.urlParsed = local.url.parse(request.url);","            if (local.assetsDict[request.urlParsed.pathname] !== undefined) {","                response.end(local.assetsDict[request.urlParsed.pathname]);","                return;","            }","            response.statusCode = 404;","            response.end();","        }).listen(process.env.PORT);","        break;","    }","}());",""],"l":{"26":2,"28":2,"33":2,"35":2,"37":2,"38":2,"39":2,"44":1,"51":2,"55":2,"59":2,"61":2,"69":1,"70":2,"76":2,"79":2,"82":2,"83":2,"85":1,"89":2,"92":1,"93":1,"94":1,"96":1,"97":1,"100":1,"101":1,"103":1,"106":1,"108":2,"114":1,"116":1,"118":1,"123":1,"124":2,"125":2,"126":3,"127":3,"128":3,"129":3,"130":1,"133":3,"134":3,"139":3,"143":1,"144":3,"145":1,"149":1,"150":1,"158":1,"160":1,"161":1,"162":1,"164":1,"166":1,"258":1,"259":1,"271":1,"274":6,"275":6,"277":1,"279":2,"281":1,"283":2,"288":1,"289":1,"291":1,"296":1,"303":1,"306":1,"307":1,"310":1,"311":1,"313":1,"314":1,"315":1,"316":1,"317":1,"318":1,"319":1,"321":1,"322":1,"324":1}},"/home/travis/build/npmtest/node-npmtest-vorlon/node_modules/vorlon/Server/server.js":{"path":"/home/travis/build/npmtest/node-npmtest-vorlon/node_modules/vorlon/Server/server.js","s":{"1":1,"2":1,"3":1,"4":1,"5":1,"6":1,"7":1,"8":1,"9":1,"10":1,"11":1,"12":1,"13":1,"14":1,"15":1,"16":1,"17":1,"18":1,"19":0,"20":0},"b":{"1":[1,0]},"f":{},"fnMap":{},"statementMap":{"1":{"start":{"line":2,"column":0},"end":{"line":2,"column":61}},"2":{"start":{"line":3,"column":0},"end":{"line":3,"column":54}},"3":{"start":{"line":4,"column":0},"end":{"line":4,"column":60}},"4":{"start":{"line":5,"column":0},"end":{"line":5,"column":60}},"5":{"start":{"line":6,"column":0},"end":{"line":6,"column":67}},"6":{"start":{"line":7,"column":0},"end":{"line":7,"column":62}},"7":{"start":{"line":8,"column":0},"end":{"line":8,"column":56}},"8":{"start":{"line":10,"column":0},"end":{"line":30,"column":1}},"9":{"start":{"line":12,"column":4},"end":{"line":12,"column":65}},"10":{"start":{"line":14,"column":4},"end":{"line":14,"column":66}},"11":{"start":{"line":16,"column":4},"end":{"line":16,"column":66}},"12":{"start":{"line":18,"column":4},"end":{"line":18,"column":57}},"13":{"start":{"line":20,"column":4},"end":{"line":20,"column":73}},"14":{"start":{"line":21,"column":4},"end":{"line":21,"column":38}},"15":{"start":{"line":22,"column":4},"end":{"line":22,"column":41}},"16":{"start":{"line":23,"column":4},"end":{"line":23,"column":38}},"17":{"start":{"line":24,"column":4},"end":{"line":24,"column":41}},"18":{"start":{"line":25,"column":4},"end":{"line":25,"column":22}},"19":{"start":{"line":28,"column":4},"end":{"line":28,"column":74}},"20":{"start":{"line":29,"column":4},"end":{"line":29,"column":24}}},"branchMap":{"1":{"line":10,"type":"if","locations":[{"start":{"line":10,"column":0},"end":{"line":10,"column":0}},{"start":{"line":10,"column":0},"end":{"line":10,"column":0}}]}},"code":["\"use strict\";","var servercontext = require(\"./config/vorlon.servercontext\");","var vorlonServer = require(\"./Scripts/vorlon.server\");","var vorlonDashboard = require(\"./Scripts/vorlon.dashboard\");","var vorlonWebserver = require(\"./Scripts/vorlon.webServer\");","var vorlonHttpProxy = require(\"./Scripts/vorlon.httpproxy.server\");","var winstonLogger = require(\"./Scripts/vorlon.winstonlogger\");","var context = new servercontext.VORLON.DefaultContext();","// if proxyEnvPort==true start a standalone instance of httpProxy","if (!context.httpConfig.proxyEnvPort) {","    //context.logger = new servercontext.VORLON.SimpleConsoleLogger();","    var logger = new winstonLogger.VORLON.WinstonLogger(context);","    //WEBSERVER","    var webServer = new vorlonWebserver.VORLON.WebServer(context);","    //DASHBOARD","    var dashboard = new vorlonDashboard.VORLON.Dashboard(context);","    //VORLON SERVER","    var server = new vorlonServer.VORLON.Server(context);","    //VORLON HTTPPROXY","    var HttpProxy = new vorlonHttpProxy.VORLON.HttpProxy(context, false);","    webServer.components.push(logger);","    webServer.components.push(dashboard);","    webServer.components.push(server);","    webServer.components.push(HttpProxy);","    webServer.start();","}","else {","    var serverProxy = new vorlonHttpProxy.VORLON.HttpProxy(context, true);","    serverProxy.start();","}",""],"l":{"2":1,"3":1,"4":1,"5":1,"6":1,"7":1,"8":1,"10":1,"12":1,"14":1,"16":1,"18":1,"20":1,"21":1,"22":1,"23":1,"24":1,"25":1,"28":0,"29":0}},"/home/travis/build/npmtest/node-npmtest-vorlon/node_modules/vorlon/Server/config/vorlon.servercontext.js":{"path":"/home/travis/build/npmtest/node-npmtest-vorlon/node_modules/vorlon/Server/config/vorlon.servercontext.js","s":{"1":1,"2":1,"3":1,"4":1,"5":1,"6":1,"7":1,"8":1,"9":1,"10":1,"11":1,"12":0,"13":1,"14":0,"15":1,"16":0,"17":1,"18":0,"19":1,"20":1,"21":1,"22":1,"23":1,"24":1,"25":0,"26":0,"27":0,"28":0,"29":0,"30":0,"31":1,"32":0,"33":1,"34":0,"35":0,"36":0,"37":0,"38":0,"39":0,"40":1,"41":0,"42":0,"43":0,"44":0,"45":0,"46":1,"47":0,"48":0,"49":0,"50":0,"51":1,"52":1,"53":1,"54":1,"55":0,"56":0,"57":0,"58":0,"59":1,"60":1,"61":1,"62":1,"63":0,"64":0,"65":0,"66":0,"67":0,"68":0,"69":0,"70":0,"71":0,"72":0,"73":1,"74":0,"75":1,"76":1,"77":1,"78":1,"79":1,"80":1,"81":1,"82":1,"83":1,"84":1,"85":1,"86":1},"b":{"1":[0,0],"2":[0,0],"3":[0,0],"4":[0,0],"5":[0,0],"6":[0,0],"7":[0,0],"8":[1,1]},"f":{"1":1,"2":1,"3":0,"4":0,"5":0,"6":0,"7":0,"8":1,"9":1,"10":0,"11":0,"12":0,"13":0,"14":0,"15":1,"16":0,"17":1,"18":0,"19":0,"20":1,"21":1},"fnMap":{"1":{"name":"(anonymous_1)","line":9,"loc":{"start":{"line":9,"column":1},"end":{"line":9,"column":19}}},"2":{"name":"(anonymous_2)","line":10,"loc":{"start":{"line":10,"column":31},"end":{"line":10,"column":43}}},"3":{"name":"SimpleConsoleLogger","line":11,"loc":{"start":{"line":11,"column":8},"end":{"line":11,"column":39}}},"4":{"name":"(anonymous_4)","line":13,"loc":{"start":{"line":13,"column":46},"end":{"line":13,"column":58}}},"5":{"name":"(anonymous_5)","line":16,"loc":{"start":{"line":16,"column":45},"end":{"line":16,"column":57}}},"6":{"name":"(anonymous_6)","line":19,"loc":{"start":{"line":19,"column":45},"end":{"line":19,"column":57}}},"7":{"name":"(anonymous_7)","line":22,"loc":{"start":{"line":22,"column":46},"end":{"line":22,"column":58}}},"8":{"name":"(anonymous_8)","line":28,"loc":{"start":{"line":28,"column":26},"end":{"line":28,"column":38}}},"9":{"name":"SessionManager","line":29,"loc":{"start":{"line":29,"column":8},"end":{"line":29,"column":34}}},"10":{"name":"(anonymous_10)","line":32,"loc":{"start":{"line":32,"column":39},"end":{"line":32,"column":69}}},"11":{"name":"(anonymous_11)","line":40,"loc":{"start":{"line":40,"column":39},"end":{"line":40,"column":60}}},"12":{"name":"(anonymous_12)","line":43,"loc":{"start":{"line":43,"column":42},"end":{"line":43,"column":63}}},"13":{"name":"(anonymous_13)","line":51,"loc":{"start":{"line":51,"column":42},"end":{"line":51,"column":72}}},"14":{"name":"(anonymous_14)","line":58,"loc":{"start":{"line":58,"column":39},"end":{"line":58,"column":51}}},"15":{"name":"(anonymous_15)","line":68,"loc":{"start":{"line":68,"column":19},"end":{"line":68,"column":31}}},"16":{"name":"Session","line":69,"loc":{"start":{"line":69,"column":8},"end":{"line":69,"column":27}}},"17":{"name":"(anonymous_17)","line":78,"loc":{"start":{"line":78,"column":18},"end":{"line":78,"column":30}}},"18":{"name":"Client","line":79,"loc":{"start":{"line":79,"column":8},"end":{"line":79,"column":75}}},"19":{"name":"(anonymous_19)","line":91,"loc":{"start":{"line":91,"column":17},"end":{"line":91,"column":29}}},"20":{"name":"(anonymous_20)","line":108,"loc":{"start":{"line":108,"column":26},"end":{"line":108,"column":38}}},"21":{"name":"DefaultContext","line":109,"loc":{"start":{"line":109,"column":8},"end":{"line":109,"column":34}}}},"statementMap":{"1":{"start":{"line":2,"column":0},"end":{"line":2,"column":48}},"2":{"start":{"line":3,"column":0},"end":{"line":3,"column":54}},"3":{"start":{"line":4,"column":0},"end":{"line":4,"column":46}},"4":{"start":{"line":5,"column":0},"end":{"line":5,"column":54}},"5":{"start":{"line":6,"column":0},"end":{"line":6,"column":50}},"6":{"start":{"line":7,"column":0},"end":{"line":7,"column":47}},"7":{"start":{"line":8,"column":0},"end":{"line":8,"column":11}},"8":{"start":{"line":9,"column":0},"end":{"line":120,"column":53}},"9":{"start":{"line":10,"column":4},"end":{"line":26,"column":9}},"10":{"start":{"line":11,"column":8},"end":{"line":12,"column":9}},"11":{"start":{"line":13,"column":8},"end":{"line":15,"column":10}},"12":{"start":{"line":14,"column":12},"end":{"line":14,"column":47}},"13":{"start":{"line":16,"column":8},"end":{"line":18,"column":10}},"14":{"start":{"line":17,"column":12},"end":{"line":17,"column":48}},"15":{"start":{"line":19,"column":8},"end":{"line":21,"column":10}},"16":{"start":{"line":20,"column":12},"end":{"line":20,"column":48}},"17":{"start":{"line":22,"column":8},"end":{"line":24,"column":10}},"18":{"start":{"line":23,"column":12},"end":{"line":23,"column":49}},"19":{"start":{"line":25,"column":8},"end":{"line":25,"column":35}},"20":{"start":{"line":27,"column":4},"end":{"line":27,"column":53}},"21":{"start":{"line":28,"column":4},"end":{"line":66,"column":9}},"22":{"start":{"line":29,"column":8},"end":{"line":31,"column":9}},"23":{"start":{"line":30,"column":12},"end":{"line":30,"column":31}},"24":{"start":{"line":32,"column":8},"end":{"line":39,"column":10}},"25":{"start":{"line":33,"column":12},"end":{"line":33,"column":42}},"26":{"start":{"line":34,"column":12},"end":{"line":34,"column":47}},"27":{"start":{"line":35,"column":12},"end":{"line":36,"column":69}},"28":{"start":{"line":36,"column":16},"end":{"line":36,"column":69}},"29":{"start":{"line":37,"column":12},"end":{"line":38,"column":45}},"30":{"start":{"line":38,"column":16},"end":{"line":38,"column":45}},"31":{"start":{"line":40,"column":8},"end":{"line":42,"column":10}},"32":{"start":{"line":41,"column":12},"end":{"line":41,"column":44}},"33":{"start":{"line":43,"column":8},"end":{"line":50,"column":10}},"34":{"start":{"line":44,"column":12},"end":{"line":44,"column":51}},"35":{"start":{"line":45,"column":12},"end":{"line":46,"column":71}},"36":{"start":{"line":46,"column":16},"end":{"line":46,"column":71}},"37":{"start":{"line":47,"column":12},"end":{"line":47,"column":44}},"38":{"start":{"line":48,"column":12},"end":{"line":49,"column":47}},"39":{"start":{"line":49,"column":16},"end":{"line":49,"column":47}},"40":{"start":{"line":51,"column":8},"end":{"line":57,"column":10}},"41":{"start":{"line":52,"column":12},"end":{"line":52,"column":47}},"42":{"start":{"line":53,"column":12},"end":{"line":54,"column":70}},"43":{"start":{"line":54,"column":16},"end":{"line":54,"column":70}},"44":{"start":{"line":55,"column":12},"end":{"line":56,"column":47}},"45":{"start":{"line":56,"column":16},"end":{"line":56,"column":47}},"46":{"start":{"line":58,"column":8},"end":{"line":64,"column":10}},"47":{"start":{"line":59,"column":12},"end":{"line":59,"column":27}},"48":{"start":{"line":60,"column":12},"end":{"line":62,"column":13}},"49":{"start":{"line":61,"column":16},"end":{"line":61,"column":45}},"50":{"start":{"line":63,"column":12},"end":{"line":63,"column":25}},"51":{"start":{"line":65,"column":8},"end":{"line":65,"column":30}},"52":{"start":{"line":67,"column":4},"end":{"line":67,"column":43}},"53":{"start":{"line":68,"column":4},"end":{"line":76,"column":9}},"54":{"start":{"line":69,"column":8},"end":{"line":74,"column":9}},"55":{"start":{"line":70,"column":12},"end":{"line":70,"column":32}},"56":{"start":{"line":71,"column":12},"end":{"line":71,"column":38}},"57":{"start":{"line":72,"column":12},"end":{"line":72,"column":32}},"58":{"start":{"line":73,"column":12},"end":{"line":73,"column":48}},"59":{"start":{"line":75,"column":8},"end":{"line":75,"column":23}},"60":{"start":{"line":77,"column":4},"end":{"line":77,"column":29}},"61":{"start":{"line":78,"column":4},"end":{"line":106,"column":9}},"62":{"start":{"line":79,"column":8},"end":{"line":89,"column":9}},"63":{"start":{"line":80,"column":12},"end":{"line":80,"column":53}},"64":{"start":{"line":80,"column":37},"end":{"line":80,"column":51}},"65":{"start":{"line":81,"column":12},"end":{"line":81,"column":37}},"66":{"start":{"line":82,"column":12},"end":{"line":82,"column":25}},"67":{"start":{"line":83,"column":12},"end":{"line":83,"column":33}},"68":{"start":{"line":84,"column":12},"end":{"line":84,"column":39}},"69":{"start":{"line":85,"column":12},"end":{"line":85,"column":33}},"70":{"start":{"line":86,"column":12},"end":{"line":86,"column":37}},"71":{"start":{"line":87,"column":12},"end":{"line":87,"column":71}},"72":{"start":{"line":88,"column":12},"end":{"line":88,"column":68}},"73":{"start":{"line":90,"column":8},"end":{"line":104,"column":11}},"74":{"start":{"line":92,"column":16},"end":{"line":100,"column":18}},"75":{"start":{"line":105,"column":8},"end":{"line":105,"column":22}},"76":{"start":{"line":107,"column":4},"end":{"line":107,"column":27}},"77":{"start":{"line":108,"column":4},"end":{"line":118,"column":9}},"78":{"start":{"line":109,"column":8},"end":{"line":116,"column":9}},"79":{"start":{"line":110,"column":12},"end":{"line":110,"column":65}},"80":{"start":{"line":111,"column":12},"end":{"line":111,"column":74}},"81":{"start":{"line":112,"column":12},"end":{"line":112,"column":62}},"82":{"start":{"line":113,"column":12},"end":{"line":113,"column":68}},"83":{"start":{"line":114,"column":12},"end":{"line":114,"column":68}},"84":{"start":{"line":115,"column":12},"end":{"line":115,"column":49}},"85":{"start":{"line":117,"column":8},"end":{"line":117,"column":30}},"86":{"start":{"line":119,"column":4},"end":{"line":119,"column":43}}},"branchMap":{"1":{"line":35,"type":"if","locations":[{"start":{"line":35,"column":12},"end":{"line":35,"column":12}},{"start":{"line":35,"column":12},"end":{"line":35,"column":12}}]},"2":{"line":37,"type":"if","locations":[{"start":{"line":37,"column":12},"end":{"line":37,"column":12}},{"start":{"line":37,"column":12},"end":{"line":37,"column":12}}]},"3":{"line":45,"type":"if","locations":[{"start":{"line":45,"column":12},"end":{"line":45,"column":12}},{"start":{"line":45,"column":12},"end":{"line":45,"column":12}}]},"4":{"line":48,"type":"if","locations":[{"start":{"line":48,"column":12},"end":{"line":48,"column":12}},{"start":{"line":48,"column":12},"end":{"line":48,"column":12}}]},"5":{"line":53,"type":"if","locations":[{"start":{"line":53,"column":12},"end":{"line":53,"column":12}},{"start":{"line":53,"column":12},"end":{"line":53,"column":12}}]},"6":{"line":55,"type":"if","locations":[{"start":{"line":55,"column":12},"end":{"line":55,"column":12}},{"start":{"line":55,"column":12},"end":{"line":55,"column":12}}]},"7":{"line":80,"type":"if","locations":[{"start":{"line":80,"column":12},"end":{"line":80,"column":12}},{"start":{"line":80,"column":12},"end":{"line":80,"column":12}}]},"8":{"line":120,"type":"binary-expr","locations":[{"start":{"line":120,"column":12},"end":{"line":120,"column":26}},{"start":{"line":120,"column":31},"end":{"line":120,"column":50}}]}},"code":["\"use strict\";","var httpConfig = require(\"./vorlon.httpconfig\");","var baseUrlConfig = require(\"./vorlon.baseurlconfig\");","var logConfig = require(\"./vorlon.logconfig\");","var pluginsConfig = require(\"./vorlon.pluginsconfig\");","var redisConfig = require(\"./vorlon.redisconfig\");","var tools = require(\"../Scripts/vorlon.tools\");","var VORLON;","(function (VORLON) {","    var SimpleConsoleLogger = (function () {","        function SimpleConsoleLogger() {","        }","        SimpleConsoleLogger.prototype.debug = function () {","            console.log.apply(null, arguments);","        };","        SimpleConsoleLogger.prototype.info = function () {","            console.info.apply(null, arguments);","        };","        SimpleConsoleLogger.prototype.warn = function () {","            console.warn.apply(null, arguments);","        };","        SimpleConsoleLogger.prototype.error = function () {","            console.error.apply(null, arguments);","        };","        return SimpleConsoleLogger;","    }());","    VORLON.SimpleConsoleLogger = SimpleConsoleLogger;","    var SessionManager = (function () {","        function SessionManager() {","            this.sessions = [];","        }","        SessionManager.prototype.add = function (sessionId, session) {","            session.sessionId = sessionId;","            this.sessions[sessionId] = session;","            if (this.logger)","                this.logger.debug(\"session \" + sessionId + \" added\");","            if (this.onsessionadded)","                this.onsessionadded(session);","        };","        SessionManager.prototype.get = function (sessionId) {","            return this.sessions[sessionId];","        };","        SessionManager.prototype.remove = function (sessionId) {","            var session = this.sessions[sessionId];","            if (this.logger)","                this.logger.debug(\"session \" + sessionId + \" removed\");","            delete this.sessions[sessionId];","            if (this.onsessionremoved)","                this.onsessionremoved(session);","        };","        SessionManager.prototype.update = function (sessionId, session) {","            this.sessions[sessionId] = session;","            if (this.logger)","                this.logger.debug(\"session \" + sessionId + \" update\");","            if (this.onsessionupdated)","                this.onsessionupdated(session);","        };","        SessionManager.prototype.all = function () {","            var items = [];","            for (var n in this.sessions) {","                items.push(this.sessions[n]);","            }","            return items;","        };","        return SessionManager;","    }());","    VORLON.SessionManager = SessionManager;","    var Session = (function () {","        function Session() {","            this.sessionId = \"\";","            this.currentClientId = \"\";","            this.nbClients = -1;","            this.connectedClients = new Array();","        }","        return Session;","    }());","    VORLON.Session = Session;","    var Client = (function () {","        function Client(clientId, ua, noWindow, socket, displayId, opened) {","            if (opened === void 0) { opened = true; }","            this.clientId = clientId;","            this.ua = ua;","            this.socket = socket;","            this.displayId = displayId;","            this.opened = opened;","            this.noWindow = noWindow;","            this.name = tools.VORLON.Tools.GetOperatingSystem(this.ua);","            this.icon = tools.VORLON.Tools.GetIconSystem(this.name);","        }","        Object.defineProperty(Client.prototype, \"data\", {","            get: function () {","                return {","                    \"clientid\": this.clientId,","                    \"displayid\": this.displayId,","                    \"ua\": this.ua,","                    \"identity\": this.identity,","                    \"name\": this.name,","                    \"icon\": this.icon,","                    \"noWindow\": this.noWindow","                };","            },","            enumerable: true,","            configurable: true","        });","        return Client;","    }());","    VORLON.Client = Client;","    var DefaultContext = (function () {","        function DefaultContext() {","            this.httpConfig = new httpConfig.VORLON.HttpConfig();","            this.baseURLConfig = new baseUrlConfig.VORLON.BaseURLConfig();","            this.logConfig = new logConfig.VORLON.LogConfig();","            this.redisConfig = new redisConfig.VORLON.RedisConfig();","            this.plugins = new pluginsConfig.VORLON.PluginsConfig();","            this.sessions = new SessionManager();","        }","        return DefaultContext;","    }());","    VORLON.DefaultContext = DefaultContext;","})(VORLON = exports.VORLON || (exports.VORLON = {}));",""],"l":{"2":1,"3":1,"4":1,"5":1,"6":1,"7":1,"8":1,"9":1,"10":1,"11":1,"13":1,"14":0,"16":1,"17":0,"19":1,"20":0,"22":1,"23":0,"25":1,"27":1,"28":1,"29":1,"30":1,"32":1,"33":0,"34":0,"35":0,"36":0,"37":0,"38":0,"40":1,"41":0,"43":1,"44":0,"45":0,"46":0,"47":0,"48":0,"49":0,"51":1,"52":0,"53":0,"54":0,"55":0,"56":0,"58":1,"59":0,"60":0,"61":0,"63":0,"65":1,"67":1,"68":1,"69":1,"70":0,"71":0,"72":0,"73":0,"75":1,"77":1,"78":1,"79":1,"80":0,"81":0,"82":0,"83":0,"84":0,"85":0,"86":0,"87":0,"88":0,"90":1,"92":0,"105":1,"107":1,"108":1,"109":1,"110":1,"111":1,"112":1,"113":1,"114":1,"115":1,"117":1,"119":1}},"/home/travis/build/npmtest/node-npmtest-vorlon/node_modules/vorlon/Server/config/vorlon.httpconfig.js":{"path":"/home/travis/build/npmtest/node-npmtest-vorlon/node_modules/vorlon/Server/config/vorlon.httpconfig.js","s":{"1":1,"2":1,"3":1,"4":1,"5":1,"6":1,"7":1,"8":1,"9":1,"10":1,"11":1,"12":1,"13":1,"14":0,"15":0,"16":0,"17":0,"18":1,"19":1,"20":0,"21":0,"22":1,"23":1,"24":1,"25":1,"26":1,"27":0,"28":1,"29":1,"30":1,"31":1,"32":1,"33":1,"34":1,"35":1,"36":1},"b":{"1":[0,1],"2":[0,1],"3":[1,1,0],"4":[0,1],"5":[1,0],"6":[1,1,0],"7":[1,0,0],"8":[1,0],"9":[1,0],"10":[1,1],"11":[1,1],"12":[1,1]},"f":{"1":1,"2":1,"3":1},"fnMap":{"1":{"name":"(anonymous_1)","line":8,"loc":{"start":{"line":8,"column":1},"end":{"line":8,"column":19}}},"2":{"name":"(anonymous_2)","line":9,"loc":{"start":{"line":9,"column":22},"end":{"line":9,"column":34}}},"3":{"name":"HttpConfig","line":10,"loc":{"start":{"line":10,"column":8},"end":{"line":10,"column":30}}}},"statementMap":{"1":{"start":{"line":2,"column":0},"end":{"line":2,"column":23}},"2":{"start":{"line":3,"column":0},"end":{"line":3,"column":27}},"3":{"start":{"line":4,"column":0},"end":{"line":4,"column":29}},"4":{"start":{"line":5,"column":0},"end":{"line":5,"column":27}},"5":{"start":{"line":6,"column":0},"end":{"line":6,"column":48}},"6":{"start":{"line":7,"column":0},"end":{"line":7,"column":11}},"7":{"start":{"line":8,"column":0},"end":{"line":50,"column":53}},"8":{"start":{"line":9,"column":4},"end":{"line":48,"column":9}},"9":{"start":{"line":10,"column":8},"end":{"line":46,"column":9}},"10":{"start":{"line":11,"column":12},"end":{"line":11,"column":100}},"11":{"start":{"line":12,"column":12},"end":{"line":12,"column":78}},"12":{"start":{"line":13,"column":12},"end":{"line":13,"column":52}},"13":{"start":{"line":14,"column":12},"end":{"line":33,"column":13}},"14":{"start":{"line":15,"column":16},"end":{"line":15,"column":35}},"15":{"start":{"line":16,"column":16},"end":{"line":16,"column":40}},"16":{"start":{"line":17,"column":16},"end":{"line":17,"column":40}},"17":{"start":{"line":18,"column":16},"end":{"line":21,"column":18}},"18":{"start":{"line":24,"column":16},"end":{"line":24,"column":36}},"19":{"start":{"line":25,"column":16},"end":{"line":32,"column":17}},"20":{"start":{"line":26,"column":20},"end":{"line":26,"column":44}},"21":{"start":{"line":27,"column":20},"end":{"line":27,"column":43}},"22":{"start":{"line":30,"column":20},"end":{"line":30,"column":43}},"23":{"start":{"line":31,"column":20},"end":{"line":31,"column":43}},"24":{"start":{"line":34,"column":12},"end":{"line":34,"column":88}},"25":{"start":{"line":35,"column":12},"end":{"line":35,"column":53}},"26":{"start":{"line":36,"column":12},"end":{"line":39,"column":59}},"27":{"start":{"line":37,"column":16},"end":{"line":37,"column":50}},"28":{"start":{"line":39,"column":16},"end":{"line":39,"column":59}},"29":{"start":{"line":40,"column":12},"end":{"line":40,"column":72}},"30":{"start":{"line":41,"column":12},"end":{"line":41,"column":65}},"31":{"start":{"line":42,"column":12},"end":{"line":42,"column":55}},"32":{"start":{"line":43,"column":12},"end":{"line":43,"column":66}},"33":{"start":{"line":44,"column":12},"end":{"line":44,"column":65}},"34":{"start":{"line":45,"column":12},"end":{"line":45,"column":63}},"35":{"start":{"line":47,"column":8},"end":{"line":47,"column":26}},"36":{"start":{"line":49,"column":4},"end":{"line":49,"column":35}}},"branchMap":{"1":{"line":14,"type":"if","locations":[{"start":{"line":14,"column":12},"end":{"line":14,"column":12}},{"start":{"line":14,"column":12},"end":{"line":14,"column":12}}]},"2":{"line":25,"type":"if","locations":[{"start":{"line":25,"column":16},"end":{"line":25,"column":16}},{"start":{"line":25,"column":16},"end":{"line":25,"column":16}}]},"3":{"line":34,"type":"binary-expr","locations":[{"start":{"line":34,"column":29},"end":{"line":34,"column":51}},{"start":{"line":34,"column":55},"end":{"line":34,"column":72}},{"start":{"line":34,"column":76},"end":{"line":34,"column":87}}]},"4":{"line":36,"type":"if","locations":[{"start":{"line":36,"column":12},"end":{"line":36,"column":12}},{"start":{"line":36,"column":12},"end":{"line":36,"column":12}}]},"5":{"line":39,"type":"binary-expr","locations":[{"start":{"line":39,"column":33},"end":{"line":39,"column":50}},{"start":{"line":39,"column":54},"end":{"line":39,"column":58}}]},"6":{"line":40,"type":"binary-expr","locations":[{"start":{"line":40,"column":24},"end":{"line":40,"column":40}},{"start":{"line":40,"column":44},"end":{"line":40,"column":56}},{"start":{"line":40,"column":60},"end":{"line":40,"column":71}}]},"7":{"line":41,"type":"binary-expr","locations":[{"start":{"line":41,"column":24},"end":{"line":41,"column":40}},{"start":{"line":41,"column":44},"end":{"line":41,"column":56}},{"start":{"line":41,"column":60},"end":{"line":41,"column":64}}]},"8":{"line":42,"type":"binary-expr","locations":[{"start":{"line":42,"column":29},"end":{"line":42,"column":46}},{"start":{"line":42,"column":50},"end":{"line":42,"column":54}}]},"9":{"line":43,"type":"binary-expr","locations":[{"start":{"line":43,"column":34},"end":{"line":43,"column":56}},{"start":{"line":43,"column":60},"end":{"line":43,"column":65}}]},"10":{"line":44,"type":"binary-expr","locations":[{"start":{"line":44,"column":35},"end":{"line":44,"column":58}},{"start":{"line":44,"column":62},"end":{"line":44,"column":64}}]},"11":{"line":45,"type":"binary-expr","locations":[{"start":{"line":45,"column":34},"end":{"line":45,"column":56}},{"start":{"line":45,"column":60},"end":{"line":45,"column":62}}]},"12":{"line":50,"type":"binary-expr","locations":[{"start":{"line":50,"column":12},"end":{"line":50,"column":26}},{"start":{"line":50,"column":31},"end":{"line":50,"column":50}}]}},"code":["\"use strict\";","var fs = require(\"fs\");","var http = require(\"http\");","var https = require(\"https\");","var path = require(\"path\");","var config = require(\"./vorlon.configprovider\");","var VORLON;","(function (VORLON) {","    var HttpConfig = (function () {","        function HttpConfig() {","            var catalogdata = fs.readFileSync(config.VORLON.ConfigProvider.getConfigPath(), \"utf8\");","            var catalogstring = catalogdata.toString().replace(/^\\uFEFF/, '');","            var catalog = JSON.parse(catalogstring);","            if (catalog.useSSL) {","                this.useSSL = true;","                this.protocol = \"https\";","                this.httpModule = https;","                this.options = {","                    key: fs.readFileSync(path.join(__dirname, \"../\", catalog.SSLkey)),","                    cert: fs.readFileSync(path.join(__dirname, \"../\", catalog.SSLcert))","                };","            }","            else {","                this.useSSL = false;","                if (catalog.useSSLAzure) {","                    this.protocol = \"https\";","                    this.httpModule = http;","                }","                else {","                    this.protocol = \"http\";","                    this.httpModule = http;","                }","            }","            this.proxyHost = process.env.PROXY_HOST || catalog.proxyHost || 'localhost';","            this.proxyEnvPort = catalog.proxyEnvPort;","            if (catalog.proxyEnvPort)","                this.proxyPort = process.env.PORT;","            else","                this.proxyPort = catalog.proxyPort || 5050;","            this.host = process.env.HOST || catalog.host || 'localhost';","            this.port = process.env.PORT || catalog.port || 1337;","            this.proxyPort = catalog.proxyPort || 5050;","            this.enableWebproxy = catalog.enableWebproxy || false;","            this.vorlonServerURL = catalog.vorlonServerURL || \"\";","            this.vorlonProxyURL = catalog.vorlonProxyURL || \"\";","        }","        return HttpConfig;","    }());","    VORLON.HttpConfig = HttpConfig;","})(VORLON = exports.VORLON || (exports.VORLON = {}));",""],"l":{"2":1,"3":1,"4":1,"5":1,"6":1,"7":1,"8":1,"9":1,"10":1,"11":1,"12":1,"13":1,"14":1,"15":0,"16":0,"17":0,"18":0,"24":1,"25":1,"26":0,"27":0,"30":1,"31":1,"34":1,"35":1,"36":1,"37":0,"39":1,"40":1,"41":1,"42":1,"43":1,"44":1,"45":1,"47":1,"49":1}},"/home/travis/build/npmtest/node-npmtest-vorlon/node_modules/vorlon/Server/config/vorlon.configprovider.js":{"path":"/home/travis/build/npmtest/node-npmtest-vorlon/node_modules/vorlon/Server/config/vorlon.configprovider.js","s":{"1":1,"2":1,"3":1,"4":1,"5":1,"6":1,"7":1,"8":4,"9":1,"10":1},"b":{"1":[0,4],"2":[1,1]},"f":{"1":1,"2":1,"3":0,"4":4},"fnMap":{"1":{"name":"(anonymous_1)","line":5,"loc":{"start":{"line":5,"column":1},"end":{"line":5,"column":19}}},"2":{"name":"(anonymous_2)","line":6,"loc":{"start":{"line":6,"column":26},"end":{"line":6,"column":38}}},"3":{"name":"ConfigProvider","line":7,"loc":{"start":{"line":7,"column":8},"end":{"line":7,"column":34}}},"4":{"name":"(anonymous_4)","line":9,"loc":{"start":{"line":9,"column":39},"end":{"line":9,"column":51}}}},"statementMap":{"1":{"start":{"line":2,"column":0},"end":{"line":2,"column":27}},"2":{"start":{"line":3,"column":0},"end":{"line":3,"column":54}},"3":{"start":{"line":4,"column":0},"end":{"line":4,"column":11}},"4":{"start":{"line":5,"column":0},"end":{"line":15,"column":53}},"5":{"start":{"line":6,"column":4},"end":{"line":13,"column":9}},"6":{"start":{"line":7,"column":8},"end":{"line":8,"column":9}},"7":{"start":{"line":9,"column":8},"end":{"line":11,"column":10}},"8":{"start":{"line":10,"column":12},"end":{"line":10,"column":112}},"9":{"start":{"line":12,"column":8},"end":{"line":12,"column":30}},"10":{"start":{"line":14,"column":4},"end":{"line":14,"column":43}}},"branchMap":{"1":{"line":10,"type":"cond-expr","locations":[{"start":{"line":10,"column":33},"end":{"line":10,"column":70}},{"start":{"line":10,"column":73},"end":{"line":10,"column":111}}]},"2":{"line":15,"type":"binary-expr","locations":[{"start":{"line":15,"column":12},"end":{"line":15,"column":26}},{"start":{"line":15,"column":31},"end":{"line":15,"column":50}}]}},"code":["\"use strict\";","var path = require(\"path\");","var argv = require('minimist')(process.argv.slice(2));","var VORLON;","(function (VORLON) {","    var ConfigProvider = (function () {","        function ConfigProvider() {","        }","        ConfigProvider.getConfigPath = function () {","            return argv.config ? path.join(proce
[...]
ne":228,"column":80}}},"9":{"name":"(anonymous_9)","line":234,"loc":{"start":{"line":234,"column":21},"end":{"line":234,"column":37}}},"10":{"name":"(anonymous_10)","line":245,"loc":{"start":{"line":245,"column":26},"end":{"line":245,"column":38}}},"11":{"name":"(anonymous_11)","line":255,"loc":{"start":{"line":255,"column":33},"end":{"line":255,"column":45}}},"12":{"name":"(anonymous_12)","line":269,"loc":{"start":{"line":269,"column":29},"end":{"line":269,"column":41}}},"13":{"name":"(anonymous_13)","line":279,"loc":{"start":{"line":279,"column":137},"end":{"line":279,"column":148}}},"14":{"name":"(anonymous_14)","line":293,"loc":{"start":{"line":293,"column":27},"end":{"line":293,"column":38}}},"15":{"name":"(anonymous_15)","line":305,"loc":{"start":{"line":305,"column":23},"end":{"line":305,"column":34}}},"16":{"name":"(anonymous_16)","line":321,"loc":{"start":{"line":321,"column":37},"end":{"line":321,"column":48}}},"17":{"name":"(anonymous_17)","line":330,"loc":{"start":{"line":330,"column":26},"end":{"line":330,"column":42}}},"18":{"name":"(anonymous_18)","line":338,"loc":{"start":{"line":338,"column":55},"end":{"line":338,"column":66}}},"19":{"name":"(anonymous_19)","line":346,"loc":{"start":{"line":346,"column":46},"end":{"line":346,"column":57}}},"20":{"name":"(anonymous_20)","line":352,"loc":{"start":{"line":352,"column":26},"end":{"line":352,"column":37}}},"21":{"name":"(anonymous_21)","line":359,"loc":{"start":{"line":359,"column":67},"end":{"line":359,"column":78}}},"22":{"name":"(anonymous_22)","line":366,"loc":{"start":{"line":366,"column":17},"end":{"line":366,"column":28}}}},"statementMap":{"1":{"start":{"line":1,"column":0},"end":{"line":13,"column":30}},"2":{"start":{"line":19,"column":0},"end":{"line":21,"column":3}},"3":{"start":{"line":20,"column":2},"end":{"line":20,"column":42}},"4":{"start":{"line":23,"column":0},"end":{"line":25,"column":3}},"5":{"start":{"line":24,"column":2},"end":{"line":24,"column":38}},"6":{"start":{"line":39,"column":0},"end":{"line":52,"column":3}},"7":{"start":{"line":42,"column":2},"end":{"line":46,"column":29}},"8":{"start":{"line":48,"column":3},"end":{"line":51,"column":9}},"9":{"start":{"line":57,"column":0},"end":{"line":61,"column":3}},"10":{"start":{"line":58,"column":2},"end":{"line":60,"column":25}},"11":{"start":{"line":67,"column":0},"end":{"line":83,"column":3}},"12":{"start":{"line":68,"column":4},"end":{"line":82,"column":45}},"13":{"start":{"line":85,"column":0},"end":{"line":89,"column":3}},"14":{"start":{"line":86,"column":1},"end":{"line":88,"column":60}},"15":{"start":{"line":95,"column":0},"end":{"line":222,"column":3}},"16":{"start":{"line":97,"column":4},"end":{"line":102,"column":65}},"17":{"start":{"line":103,"column":1},"end":{"line":109,"column":65}},"18":{"start":{"line":113,"column":4},"end":{"line":118,"column":70}},"19":{"start":{"line":120,"column":4},"end":{"line":125,"column":70}},"20":{"start":{"line":127,"column":4},"end":{"line":132,"column":70}},"21":{"start":{"line":134,"column":4},"end":{"line":139,"column":70}},"22":{"start":{"line":142,"column":4},"end":{"line":147,"column":75}},"23":{"start":{"line":149,"column":4},"end":{"line":154,"column":75}},"24":{"start":{"line":156,"column":4},"end":{"line":161,"column":75}},"25":{"start":{"line":163,"column":4},"end":{"line":168,"column":75}},"26":{"start":{"line":171,"column":4},"end":{"line":180,"column":60}},"27":{"start":{"line":182,"column":5},"end":{"line":191,"column":60}},"28":{"start":{"line":194,"column":4},"end":{"line":199,"column":65}},"29":{"start":{"line":201,"column":4},"end":{"line":206,"column":65}},"30":{"start":{"line":208,"column":4},"end":{"line":213,"column":65}},"31":{"start":{"line":215,"column":4},"end":{"line":220,"column":65}},"32":{"start":{"line":228,"column":0},"end":{"line":240,"column":3}},"33":{"start":{"line":230,"column":4},"end":{"line":239,"column":38}},"34":{"start":{"line":235,"column":16},"end":{"line":235,"column":41}},"35":{"start":{"line":245,"column":0},"end":{"line":253,"column":3}},"36":{"start":{"line":247,"column":4},"end":{"line":251,"column":51}},"37":{"start":{"line":255,"column":0},"end":{"line":267,"column":3}},"38":{"start":{"line":257,"column":3},"end":{"line":265,"column":59}},"39":{"start":{"line":269,"column":0},"end":{"line":274,"column":3}},"40":{"start":{"line":271,"column":4},"end":{"line":272,"column":58}},"41":{"start":{"line":279,"column":0},"end":{"line":281,"column":3}},"42":{"start":{"line":280,"column":4},"end":{"line":280,"column":80}},"43":{"start":{"line":293,"column":0},"end":{"line":300,"column":3}},"44":{"start":{"line":294,"column":2},"end":{"line":299,"column":26}},"45":{"start":{"line":305,"column":0},"end":{"line":313,"column":3}},"46":{"start":{"line":306,"column":2},"end":{"line":312,"column":8}},"47":{"start":{"line":321,"column":0},"end":{"line":336,"column":3}},"48":{"start":{"line":322,"column":2},"end":{"line":324,"column":104}},"49":{"start":{"line":326,"column":2},"end":{"line":335,"column":34}},"50":{"start":{"line":338,"column":0},"end":{"line":344,"column":3}},"51":{"start":{"line":340,"column":2},"end":{"line":343,"column":44}},"52":{"start":{"line":346,"column":0},"end":{"line":347,"column":3}},"53":{"start":{"line":352,"column":0},"end":{"line":356,"column":3}},"54":{"start":{"line":353,"column":2},"end":{"line":355,"column":25}},"55":{"start":{"line":359,"column":0},"end":{"line":360,"column":3}},"56":{"start":{"line":366,"column":0},"end":{"line":370,"column":3}},"57":{"start":{"line":367,"column":4},"end":{"line":369,"column":44}}},"branchMap":{},"code":["var gulp = require('gulp'),","    uglify = require('gulp-uglify'),","    rename = require('gulp-rename'),","    concat = require('gulp-concat'),","    typescript = require('gulp-typescript'),","    merge = require('merge2'),","    webserver = require('gulp-webserver'),","    less = require('gulp-less'),","    gulputil = require('gulp-util'),","    gulpFilter = require('gulp-filter'),","    path = require('path'),","    sourcemaps = require('gulp-sourcemaps'),","    zip = require('gulp-zip');","","/// ********","","/// GLOBAL ","","gulp.task('default', function(){","  return gulp.start('default-server-all');","});","","gulp.task('default-server-all', ['default-plugins', 'copyDTS-plugins'], function(){","  return gulp.start('default-server');","});","","","//// *****","","//**** ","","// PLUGIN PART","","// *** ","","/**"," * Compile typescript files to their js respective files"," */","gulp.task('typescript-to-js-plugins', function() {","  //Compile all ts file into their respective js file.","  ","  var tsResult = gulp.src(['Plugins/Vorlon/**/*.ts', 'Plugins/libs/**.ts'])","                       .pipe(typescript({ ","                            declarationFiles: true,","                            noExternalResolve: true, target: 'ES5'}","                          ));","  ","   return merge([","      tsResult.dts.pipe(gulp.dest('Plugins/release')),","      tsResult.js.pipe(gulp.dest('Plugins/release'))","      ]);","});","",""," /* Compile less files to their css respective files"," */","gulp.task('less-to-css-plugins', function() {","  return gulp.src(['Plugins/Vorlon/**/*.less'], { base : '.' })","    .pipe(less())","    .pipe(gulp.dest(''));  ","});","","/**"," * Concat all js files in order into one big js file and minify it."," * Do not hesitate to update it if you need to add your own files."," */","gulp.task('scripts-noplugin-plugins', ['typescript-to-js-plugins'], function() {","    return gulp.src([","            'Plugins/libs/css.js',","            'Plugins/release/vorlon.tools.js',","            'Plugins/release/vorlon.enums.js',","            'Plugins/release/vorlon.basePlugin.js',","            'Plugins/release/vorlon.clientPlugin.js',","            'Plugins/release/vorlon.dashboardPlugin.js',","            'Plugins/release/vorlon.clientMessenger.js',","            'Plugins/release/vorlon.core.js'","        ])","        .pipe(concat('vorlon-noplugin.max.js'))","        .pipe(gulp.dest('Plugins/release/'))","        .pipe(rename('vorlon-noplugin.js'))","        .pipe(uglify())","        .pipe(gulp.dest('Plugins/release/'));","});","","gulp.task('concat-webstandards-rules-plugins', ['typescript-to-js-plugins'], function () {","\treturn gulp.src(['./Plugins/release/**/webstandards/rules/*.js', './Plugins/release/**/webstandards/vorlon.webstandards.client.js'])","\t\t.pipe(concat('vorlon.webstandards.client.js'))","\t\t.pipe(gulp.dest('Plugins/release/plugins/webstandards/'));","});","","/**"," * Specific task that need to be handled for specific plugins."," * Do not hesitate to update it if you need to add your own files"," */","gulp.task('scripts-specific-plugins-plugins', ['scripts-plugins'], function() {","    // DOMTimeline","    gulp.src([","        'Plugins/Vorlon/plugins/domtimeline/mapping-system.js',","        'Plugins/release/plugins/domtimeline/vorlon.domtimeline.dashboard.js',","    ])","        .pipe(concat('vorlon.domtimeline.dashboard.min.js'))","        .pipe(gulp.dest('Plugins/release/plugins/domtimeline/'));","\tgulp.src([","\t\t'Plugins/Vorlon/plugins/domtimeline/dom-timeline.js',","        'Plugins/Vorlon/plugins/domtimeline/mapping-system.js',","        'Plugins/release/plugins/domtimeline/vorlon.domtimeline.client.js',","    ])","        .pipe(concat('vorlon.domtimeline.client.js'))","        .pipe(gulp.dest('Plugins/release/plugins/domtimeline/'));","","\t\t","    // Babylon Inspector","    gulp.src([","        'Plugins/release/plugins/babylonInspector/vorlon.babylonInspector.interfaces.js',","        'Plugins/release/plugins/babylonInspector/vorlon.babylonInspector.client.js'","    ])","        .pipe(concat('vorlon.babylonInspector.client.js'))","        .pipe(gulp.dest('Plugins/release/plugins/babylonInspector/'));","","    gulp.src([","        'Plugins/release/plugins/babylonInspector/vorlon.babylonInspector.interfaces.js',","        'Plugins/release/plugins/babylonInspector/vorlon.babylonInspector.dashboard.js'","    ])","        .pipe(concat('vorlon.babylonInspector.dashboard.js'))","        .pipe(gulp.dest('Plugins/release/plugins/babylonInspector/'));","        ","    gulp.src([","        'Plugins/release/plugins/babylonInspector/vorlon.babylonInspector.interfaces.min.js',","        'Plugins/release/plugins/babylonInspector/vorlon.babylonInspector.client.min.js'","    ])","        .pipe(concat('vorlon.babylonInspector.client.min.js'))","        .pipe(gulp.dest('Plugins/release/plugins/babylonInspector/'));","","    gulp.src([","        'Plugins/release/plugins/babylonInspector/vorlon.babylonInspector.interfaces.min.js',","        'Plugins/release/plugins/babylonInspector/vorlon.babylonInspector.dashboard.min.js'","    ])","        .pipe(concat('vorlon.babylonInspector.dashboard.min.js'))","        .pipe(gulp.dest('Plugins/release/plugins/babylonInspector/'));","","    // Bot framework inspector","    gulp.src([","        'Plugins/release/plugins/botFrameworkInspector/vorlon.botFrameworkInspector.interfaces.js',","        'Plugins/release/plugins/botFrameworkInspector/vorlon.botFrameworkInspector.client.js'","    ])","        .pipe(concat('vorlon.botFrameworkInspector.client.js'))","        .pipe(gulp.dest('Plugins/release/plugins/botFrameworkInspector/'));","","    gulp.src([","        'Plugins/release/plugins/botFrameworkInspector/vorlon.botFrameworkInspector.interfaces.js',","        'Plugins/release/plugins/botFrameworkInspector/vorlon.botFrameworkInspector.dashboard.js'","    ])","        .pipe(concat('vorlon.botFrameworkInspector.dashboard.js'))","        .pipe(gulp.dest('Plugins/release/plugins/botFrameworkInspector/'));","        ","    gulp.src([","        'Plugins/release/plugins/botFrameworkInspector/vorlon.botFrameworkInspector.interfaces.min.js',","        'Plugins/release/plugins/botFrameworkInspector/vorlon.botFrameworkInspector.client.min.js'","    ])","        .pipe(concat('vorlon.botFrameworkInspector.client.min.js'))","        .pipe(gulp.dest('Plugins/release/plugins/botFrameworkInspector/'));","","    gulp.src([","        'Plugins/release/plugins/botFrameworkInspector/vorlon.botFrameworkInspector.interfaces.min.js',","        'Plugins/release/plugins/botFrameworkInspector/vorlon.botFrameworkInspector.dashboard.min.js'","    ])","        .pipe(concat('vorlon.botFrameworkInspector.dashboard.min.js'))","        .pipe(gulp.dest('Plugins/release/plugins/botFrameworkInspector/'));","        ","    // Office","    gulp.src([","        'Plugins/release/plugins/office/vorlon.office.interfaces.js',","        'Plugins/release/plugins/office/vorlon.office.tools.js',","        'Plugins/release/plugins/office/vorlon.office.document.js',","        'Plugins/release/plugins/office/vorlon.office.outlook.js',","        'Plugins/release/plugins/office/vorlon.office.powerpoint.js',","        'Plugins/release/plugins/office/vorlon.office.dashboard.js'","    ])","        .pipe(concat('vorlon.office.dashboard.js'))","        .pipe(gulp.dest('Plugins/release/plugins/office/'));","","     gulp.src([","        'Plugins/release/plugins/office/vorlon.office.interfaces.min.js',","        'Plugins/release/plugins/office/vorlon.office.tools.min.js',","        'Plugins/release/plugins/office/vorlon.office.document.min.js',","        'Plugins/release/plugins/office/vorlon.office.outlook.min.js',","        'Plugins/release/plugins/office/vorlon.office.powerpoint.min.js',","        'Plugins/release/plugins/office/vorlon.office.dashboard.min.js'","    ])","        .pipe(concat('vorlon.office.dashboard.min.js'))","        .pipe(gulp.dest('Plugins/release/plugins/office/'));     ","           ","    // NG Inspector","    gulp.src([","        'Plugins/release/plugins/ngInspector/vorlon.ngInspector.interfaces.js',","        'Plugins/release/plugins/ngInspector/vorlon.ngInspector.client.js'","    ])","        .pipe(concat('vorlon.ngInspector.client.js'))","        .pipe(gulp.dest('Plugins/release/plugins/ngInspector/'));","","    gulp.src([","        'Plugins/release/plugins/ngInspector/vorlon.ngInspector.interfaces.js',","        'Plugins/release/plugins/ngInspector/vorlon.ngInspector.dashboard.js'","    ])","        .pipe(concat('vorlon.ngInspector.dashboard.js'))","        .pipe(gulp.dest('Plugins/release/plugins/ngInspector/'));","        ","    gulp.src([","        'Plugins/release/plugins/ngInspector/vorlon.ngInspector.interfaces.min.js',","        'Plugins/release/plugins/ngInspector/vorlon.ngInspector.client.min.js'","    ])","        .pipe(concat('vorlon.ngInspector.client.min.js'))","        .pipe(gulp.dest('Plugins/release/plugins/ngInspector/'));","","    return gulp.src([","        'Plugins/release/plugins/ngInspector/vorlon.ngInspector.interfaces.min.js',","        'Plugins/release/plugins/ngInspector/vorlon.ngInspector.dashboard.min.js'","    ])","        .pipe(concat('vorlon.ngInspector.dashboard.min.js'))","        .pipe(gulp.dest('Plugins/release/plugins/ngInspector/'));","","});","","/**"," * Minify all plugins."," * Do not hesitate to update it if you need to add your own files."," */","gulp.task('scripts-plugins', ['concat-webstandards-rules-plugins'], function () {","","    return gulp.src([","            './Plugins/**/vorlon.*.js',","            '!./Plugins/**/vorlon.*.min.js'","        ])","        .pipe(rename(function (path) {","                path.extname = \".min.js\";","              })","            )","        .pipe(uglify())","        .pipe(gulp.dest('./Plugins'));","});","","/**"," * Move all files from Plugins to Server"," */","gulp.task('copy-plugins', function () {","","    return gulp.src([","            'Plugins/release/vorlon-noplugin.max.js',","            'Plugins/release/vorlon-noplugin.js'","        ])","        .pipe(gulp.dest('./Server/public/vorlon'));","","});","","gulp.task('copyPlugins-plugins', function () {","","   return  gulp.src([","          'Plugins/Vorlon/plugins/**/*.js',","          'Plugins/Vorlon/plugins/**/*.css',","          'Plugins/Vorlon/plugins/**/*.html',","          'Plugins/Vorlon/plugins/**/*.png',","          'Plugins/Vorlon/plugins/**/*.PNG',          ","          'Plugins/release/plugins/**/*.js'","    ])","        .pipe(gulp.dest('./Server/public/vorlon/plugins'));","","});","","gulp.task('copyDTS-plugins', function () {","","    return  gulp.src(['Plugins/release/*.d.ts'])","      .pipe(gulp.dest('./Server/Scripts/typings/Vorlon'));","      ","});","","/**"," * The default task, call the tasks: scripts, scripts-noplugin, copy, copyPlugins"," */","gulp.task('default-plugins', ['scripts-plugins', 'scripts-noplugin-plugins', 'less-to-css-plugins', 'scripts-specific-plugins-plugins'], function() {","    return gulp.start('copy-plugins', 'copyPlugins-plugins', 'copyDTS-plugins');","});","","/**"," * Watch task, will call the default task if a js file is updated."," */","//gulp.task('watch', function() {","//  gulp.watch('src/**/*.js', ['default']);","//});","","/**"," * Watch typescript task, will call the default typescript task if a typescript file is updated."," */","gulp.task('watch-plugins', function() {","  return gulp.watch([","    'Plugins/Vorlon/**/*.ts',","    'Plugins/Vorlon/**/*.less',","    'Plugins/Vorlon/**/*.html'","    //'Vorlon/plugins/**/*.*',","  ], ['default-plugins']);","});","","/**"," * Web server task to serve a local test page"," */","gulp.task('webserver', function() {","  return gulp.src('client samples/webpage')","    .pipe(webserver({","      livereload: false,","      open: 'http://localhost:1338/index.html',","      port: 1338,","      fallback: 'index.html'","    }));","});","","//**** ","","// SERVER PART","","// *** ","","gulp.task('typescript-to-js-server', function() {","  var tsResult = gulp.src(['./Server/**/*.ts', '!./Server/node_modules', '!./Server/node_modules/**'], { base: './' })","                     // .pipe(sourcemaps.init())","                      .pipe(typescript({ noExternalResolve: true, target: 'ES5', module: 'commonjs' }));","","  return tsResult.js","            .pipe(sourcemaps.write({","              includeContent: false,","              // Return relative source map root directories per file.","              sourceRoot: function (file) {","                // var sourceFile = path.join(file.cwd, file.sourceMap.file);","                // return path.relative(path.dirname(sourceFile), file.cwd);","              }","            }))","            .pipe(gulp.dest('.'));","});","","gulp.task('build-server', ['typescript-to-js-server'], function() {","\t//copy server files to desktop app","  return gulp.src([","  \t\t'./server/**/*.*'","  \t])","  \t.pipe(gulp.dest('./desktop/app/vorlon'));","});","","gulp.task('default-server', ['build-server'], function() {","});","","/**"," * Watch typescript task, will call the default typescript task if a typescript file is updated."," */","gulp.task('watch-server', function() {","  gulp.watch([","    './Server/**/*.ts',","  ], ['default-server']);","});","","","gulp.task('watch', [\"watch-server\", \"watch-plugins\", \"webserver\"], function() {","});","","/**"," * Zip task used within the build to create an archive that will be deployed using VSTS Release Management"," */","","gulp.task('zip', function() {","    gulp.src(['./**/*', '!./DeploymentTools/**', '!./desktop/**', '!./plugins library/**', '!./Plugins/**', '!./Tests/**', '!./desktop', '!./plugins library', '!./DeploymentTools', '!./Plugins', '!./Tests'])","        .pipe(zip('deployment-package.zip'))","        .pipe(gulp.dest('DeploymentTools'));","});"],"l":{"1":2,"19":0,"20":0,"23":0,"24":0,"39":0,"42":0,"48":0,"57":0,"58":0,"67":0,"68":0,"85":0,"86":0,"95":0,"97":0,"103":0,"113":0,"120":0,"127":0,"134":0,"142":0,"149":0,"156":0,"163":0,"171":0,"182":0,"194":0,"201":0,"208":0,"215":0,"228":0,"230":0,"235":0,"245":0,"247":0,"255":0,"257":0,"269":0,"271":0,"279":0,"280":0,"293":0,"294":0,"305":0,"306":0,"321":0,"322":0,"326":0,"338":0,"340":0,"346":0,"352":0,"353":0,"359":0,"366":0,"367":0}}}